Using pre-set license
Built from '2022.3/staging' branch; Version is '2022.3.45f1 (a13dfa44d684) revision 10567162'; Using compiler version '192829333'; Build Type 'Release'
OS: 'Windows 11  (10.0.26200) 64bit Professional' Language: 'zh' Physical Memory: 65253 MB
BatchMode: 1, IsHumanControllingUs: 0, StartBugReporterOnCrash: 0, Is64bit: 1, IsPro: 1

COMMAND LINE ARGUMENTS:
F:\Unity 2022.3.45f1\Editor\Unity.exe
-adb2
-batchMode
-noUpm
-name
AssetImportWorker0
-projectPath
F:/WorkSpace/TempUnityProjPuerTS/My project
-logFile
Logs/AssetImportWorker0.log
-srvPort
49513
Successfully changed project path to: F:/WorkSpace/TempUnityProjPuerTS/My project
F:/WorkSpace/TempUnityProjPuerTS/My project
[UnityMemory] Configuration Parameters - Can be set up in boot.config
    "memorysetup-bucket-allocator-granularity=16"
    "memorysetup-bucket-allocator-bucket-count=8"
    "memorysetup-bucket-allocator-block-size=33554432"
    "memorysetup-bucket-allocator-block-count=8"
    "memorysetup-main-allocator-block-size=16777216"
    "memorysetup-thread-allocator-block-size=16777216"
    "memorysetup-gfx-main-allocator-block-size=16777216"
    "memorysetup-gfx-thread-allocator-block-size=16777216"
    "memorysetup-cache-allocator-block-size=4194304"
    "memorysetup-typetree-allocator-block-size=2097152"
    "memorysetup-profiler-bucket-allocator-granularity=16"
    "memorysetup-profiler-bucket-allocator-bucket-count=8"
    "memorysetup-profiler-bucket-allocator-block-size=33554432"
    "memorysetup-profiler-bucket-allocator-block-count=8"
    "memorysetup-profiler-allocator-block-size=16777216"
    "memorysetup-profiler-editor-allocator-block-size=1048576"
    "memorysetup-temp-allocator-size-main=16777216"
    "memorysetup-job-temp-allocator-block-size=2097152"
    "memorysetup-job-temp-allocator-block-size-background=1048576"
    "memorysetup-job-temp-allocator-reduction-small-platforms=262144"
    "memorysetup-allocator-temp-initial-block-size-main=262144"
    "memorysetup-allocator-temp-initial-block-size-worker=262144"
    "memorysetup-temp-allocator-size-background-worker=32768"
    "memorysetup-temp-allocator-size-job-worker=262144"
    "memorysetup-temp-allocator-size-preload-manager=33554432"
    "memorysetup-temp-allocator-size-nav-mesh-worker=65536"
    "memorysetup-temp-allocator-size-audio-worker=65536"
    "memorysetup-temp-allocator-size-cloud-worker=32768"
    "memorysetup-temp-allocator-size-gi-baking-worker=262144"
    "memorysetup-temp-allocator-size-gfx=262144"
Player connection [22952]  Target information:

Player connection [22952]  * "[IP] 192.168.5.155 [Port] 0 [Flags] 2 [Guid] 2427155537 [EditorId] 2427155537 [Version] 1048832 [Id] WindowsEditor(7,DESKTOP-GO57N7V) [Debug] 1 [PackageName] WindowsEditor [ProjectName] Editor" 

Player connection [22952] Host joined multi-casting on [225.0.0.222:54997]...
Player connection [22952] Host joined alternative multi-casting on [225.0.0.222:34997]...
[PhysX] Initialized MultithreadedTaskDispatcher with 12 workers.
Refreshing native plugins compatible for Editor in 7.41 ms, found 3 plugins.
Preloading 0 native plugins for Editor in 0.00 ms.
Initialize engine version: 2022.3.45f1 (a13dfa44d684)
[Subsystems] Discovering subsystems at path F:/Unity 2022.3.45f1/Editor/Data/Resources/UnitySubsystems
[Subsystems] Discovering subsystems at path F:/WorkSpace/TempUnityProjPuerTS/My project/Assets
GfxDevice: creating device client; threaded=0; jobified=0
Direct3D:
    Version:  Direct3D 11.0 [level 11.1]
    Renderer: NVIDIA GeForce RTX 3060 (ID=0x2504)
    Vendor:   NVIDIA
    VRAM:     12113 MB
    Driver:   32.0.15.9174
Initialize mono
Mono path[0] = 'F:/Unity 2022.3.45f1/Editor/Data/Managed'
Mono path[1] = 'F:/Unity 2022.3.45f1/Editor/Data/MonoBleedingEdge/lib/mono/unityjit-win32'
Mono config path = 'F:/Unity 2022.3.45f1/Editor/Data/MonoBleedingEdge/etc'
Using monoOptions --debugger-agent=transport=dt_socket,embedding=1,server=y,suspend=n,address=127.0.0.1:56512
Begin MonoManager ReloadAssembly
Registering precompiled unity dll's ...
Register platform support module: F:/Unity 2022.3.45f1/Editor/Data/PlaybackEngines/WindowsStandaloneSupport/UnityEditor.WindowsStandalone.Extensions.dll
Registered in 0.001820 seconds.
- Loaded All Assemblies, in  0.272 seconds
Native extension for WindowsStandalone target not found
Mono: successfully reloaded assembly
- Finished resetting the current domain, in  0.215 seconds
Domain Reload Profiling: 488ms
	BeginReloadAssembly (80ms)
		ExecutionOrderSort (0ms)
		DisableScriptedObjects (0ms)
		BackupInstance (0ms)
		ReleaseScriptingObjects (0ms)
		CreateAndSetChildDomain (1ms)
	RebuildCommonClasses (28ms)
	RebuildNativeTypeToScriptingClass (8ms)
	initialDomainReloadingComplete (46ms)
	LoadAllAssembliesAndSetupDomain (110ms)
		LoadAssemblies (79ms)
		RebuildTransferFunctionScriptingTraits (0ms)
		AnalyzeDomain (109ms)
			TypeCache.Refresh (107ms)
				TypeCache.ScanAssembly (97ms)
			ScanForSourceGeneratedMonoScriptInfo (0ms)
			ResolveRequiredComponents (0ms)
	FinalizeReload (216ms)
		ReleaseScriptCaches (0ms)
		RebuildScriptCaches (0ms)
		SetupLoadedEditorAssemblies (174ms)
			LogAssemblyErrors (0ms)
			InitializePlatformSupportModulesInManaged (8ms)
			SetLoadedEditorAssemblies (7ms)
			RefreshPlugins (0ms)
			BeforeProcessingInitializeOnLoad (2ms)
			ProcessInitializeOnLoadAttributes (119ms)
			ProcessInitializeOnLoadMethodAttributes (38ms)
			AfterProcessingInitializeOnLoad (0ms)
			EditorAssembliesLoaded (0ms)
		ExecutionOrderSort2 (0ms)
		AwakeInstancesAfterBackupRestoration (0ms)
========================================================================
Worker process is ready to serve import requests
Caller must complete domain reload
Begin MonoManager ReloadAssembly
- Loaded All Assemblies, in  0.471 seconds
Native extension for WindowsStandalone target not found
Package Manager log level set to [2]
[Package Manager] Server::EnsureServerProcessIsRunning -- launch failed, reason: Unity was launched with the -noUpm command-line argument
[Package Manager] UpmClient::Send -- Unable to send message (not connected to UPM process).
[Package Manager] Cannot connect to Unity Package Manager local server
Mono: successfully reloaded assembly
- Finished resetting the current domain, in  0.543 seconds
Domain Reload Profiling: 1014ms
	BeginReloadAssembly (113ms)
		ExecutionOrderSort (0ms)
		DisableScriptedObjects (4ms)
		BackupInstance (0ms)
		ReleaseScriptingObjects (0ms)
		CreateAndSetChildDomain (18ms)
	RebuildCommonClasses (25ms)
	RebuildNativeTypeToScriptingClass (8ms)
	initialDomainReloadingComplete (28ms)
	LoadAllAssembliesAndSetupDomain (295ms)
		LoadAssemblies (226ms)
		RebuildTransferFunctionScriptingTraits (0ms)
		AnalyzeDomain (135ms)
			TypeCache.Refresh (118ms)
				TypeCache.ScanAssembly (107ms)
			ScanForSourceGeneratedMonoScriptInfo (11ms)
			ResolveRequiredComponents (4ms)
	FinalizeReload (543ms)
		ReleaseScriptCaches (0ms)
		RebuildScriptCaches (0ms)
		SetupLoadedEditorAssemblies (426ms)
			LogAssemblyErrors (0ms)
			InitializePlatformSupportModulesInManaged (4ms)
			SetLoadedEditorAssemblies (4ms)
			RefreshPlugins (0ms)
			BeforeProcessingInitializeOnLoad (73ms)
			ProcessInitializeOnLoadAttributes (326ms)
			ProcessInitializeOnLoadMethodAttributes (18ms)
			AfterProcessingInitializeOnLoad (1ms)
			EditorAssembliesLoaded (0ms)
		ExecutionOrderSort2 (0ms)
		AwakeInstancesAfterBackupRestoration (5ms)
Launched and connected shader compiler UnityShaderCompiler.exe after 0.05 seconds
Refreshing native plugins compatible for Editor in 1.45 ms, found 3 plugins.
Preloading 0 native plugins for Editor in 0.00 ms.
Unloading 3089 Unused Serialized files (Serialized files now loaded: 0)
Unloading 19 unused Assets / (54.9 KB). Loaded Objects now: 3555.
Memory consumption went from 118.1 MB to 118.0 MB.
Total: 3.201100 ms (FindLiveObjects: 0.222800 ms CreateObjectMapping: 0.096800 ms MarkObjects: 2.789200 ms  DeleteObjects: 0.091000 ms)

AssetImportParameters requested are different than current active one (requested -> active):
  custom:container-demuxer-ogg: 62fdf1f143b41e24485cea50d1cbac27 -> 
  custom:video-decoder-ogg-theora: a1e56fd34408186e4bbccfd4996cb3dc -> 
  custom:framework-win-MediaFoundation: 216162199b28c13a410421893ffa2e32 -> 
  custom:CustomObjectIndexerAttribute: 9a22284fe3817be447336de3de66b15e -> 
  custom:container-demuxer-webm: 4f35f7cbe854078d1ac9338744f61a02 -> 
  custom:container-muxer-webm: aa71ff27fc2769a1b78a27578f13a17b -> 
  custom:video-decoder-webm-vp8: 9c59270c3fd7afecdb556c50c9e8de78 -> 
  custom:SearchIndexIgnoredProperties: e643bd26f0fe6173181afceb89e7c659 -> 
  custom:AudioImporter_EditorPlatform: d09bf68614088b80899f8185d706f6e7 -> 
  custom:video-encoder-webm-vp8: eb34c28f22e8b96e1ab97ce403110664 -> 
  custom:audio-decoder-ogg-vorbis: bf7c407c2cedff20999df2af8eb42d56 -> 
  custom:audio-encoder-webm-vorbis: bf7c407c2cedff20999df2af8eb42d56 -> 
========================================================================
Received Import Request.
  Time since last request: 23289.070201 seconds.
  path: Assets/Script
  artifactKey: Guid(32332f1718e85924ca0b623d188e2ba5) Importer(815301076,1909f56bfc062723c751e8b465ee728b)
Start importing Assets/Script using Guid(32332f1718e85924ca0b623d188e2ba5) Importer(815301076,1909f56bfc062723c751e8b465ee728b) [PhysX] Initialized MultithreadedTaskDispatcher with 12 workers.
 -> (artifact id: '029a7a7679ac3cb10b4fc63e9be54929') in 0.002831 seconds
Number of updated asset objects reloaded before import = 0
Number of asset objects unloaded after import = 0
========================================================================
Received Import Request.
  Time since last request: 17.962121 seconds.
  path: Assets/Script/PuerTSTest.cs
  artifactKey: Guid(5c3d8c3e4f824c44f861aad861cc09b3) Importer(815301076,1909f56bfc062723c751e8b465ee728b)
Start importing Assets/Script/PuerTSTest.cs using Guid(5c3d8c3e4f824c44f861aad861cc09b3) Importer(815301076,1909f56bfc062723c751e8b465ee728b) [PhysX] Initialized MultithreadedTaskDispatcher with 12 workers.
 -> (artifact id: '3feb04ce2894341995f42ae63bc0501e') in 0.000578 seconds
Number of updated asset objects reloaded before import = 0
Number of asset objects unloaded after import = 0
========================================================================
Received Prepare
Caller must complete domain reload
Begin MonoManager ReloadAssembly
- Loaded All Assemblies, in  0.362 seconds
Native extension for WindowsStandalone target not found
[Package Manager] Server::EnsureServerProcessIsRunning -- launch failed, reason: Unity was launched with the -noUpm command-line argument
[Package Manager] UpmClient::Send -- Unable to send message (not connected to UPM process).
[Package Manager] Cannot connect to Unity Package Manager local server
Mono: successfully reloaded assembly
- Finished resetting the current domain, in  0.701 seconds
Domain Reload Profiling: 1062ms
	BeginReloadAssembly (125ms)
		ExecutionOrderSort (0ms)
		DisableScriptedObjects (4ms)
		BackupInstance (0ms)
		ReleaseScriptingObjects (0ms)
		CreateAndSetChildDomain (31ms)
	RebuildCommonClasses (28ms)
	RebuildNativeTypeToScriptingClass (8ms)
	initialDomainReloadingComplete (20ms)
	LoadAllAssembliesAndSetupDomain (180ms)
		LoadAssemblies (218ms)
		RebuildTransferFunctionScriptingTraits (0ms)
		AnalyzeDomain (26ms)
			TypeCache.Refresh (8ms)
				TypeCache.ScanAssembly (0ms)
			ScanForSourceGeneratedMonoScriptInfo (9ms)
			ResolveRequiredComponents (6ms)
	FinalizeReload (701ms)
		ReleaseScriptCaches (0ms)
		RebuildScriptCaches (0ms)
		SetupLoadedEditorAssemblies (379ms)
			LogAssemblyErrors (0ms)
			InitializePlatformSupportModulesInManaged (5ms)
			SetLoadedEditorAssemblies (5ms)
			RefreshPlugins (0ms)
			BeforeProcessingInitializeOnLoad (67ms)
			ProcessInitializeOnLoadAttributes (283ms)
			ProcessInitializeOnLoadMethodAttributes (17ms)
			AfterProcessingInitializeOnLoad (1ms)
			EditorAssembliesLoaded (0ms)
		ExecutionOrderSort2 (0ms)
		AwakeInstancesAfterBackupRestoration (5ms)
Refreshing native plugins compatible for Editor in 1.81 ms, found 3 plugins.
Preloading 0 native plugins for Editor in 0.00 ms.
Unloading 3082 Unused Serialized files (Serialized files now loaded: 0)
Unloading 14 unused Assets / (28.4 KB). Loaded Objects now: 3559.
Memory consumption went from 117.0 MB to 117.0 MB.
Total: 2.450000 ms (FindLiveObjects: 0.221300 ms CreateObjectMapping: 0.107900 ms MarkObjects: 2.076500 ms  DeleteObjects: 0.043200 ms)

Prepare: number of updated asset objects reloaded= 0
AssetImportParameters requested are different than current active one (requested -> active):
  custom:container-demuxer-ogg: 62fdf1f143b41e24485cea50d1cbac27 -> 
  custom:video-decoder-ogg-theora: a1e56fd34408186e4bbccfd4996cb3dc -> 
  custom:framework-win-MediaFoundation: 216162199b28c13a410421893ffa2e32 -> 
  custom:CustomObjectIndexerAttribute: 9a22284fe3817be447336de3de66b15e -> 
  custom:container-demuxer-webm: 4f35f7cbe854078d1ac9338744f61a02 -> 
  custom:scripting/monoscript/fileName/PuerTSTest.cs: 03bcd7c39b979757bb05d244810c1a25 -> 
  custom:container-muxer-webm: aa71ff27fc2769a1b78a27578f13a17b -> 
  custom:video-decoder-webm-vp8: 9c59270c3fd7afecdb556c50c9e8de78 -> 
  custom:SearchIndexIgnoredProperties: e643bd26f0fe6173181afceb89e7c659 -> 
  custom:AudioImporter_EditorPlatform: d09bf68614088b80899f8185d706f6e7 -> 
  custom:video-encoder-webm-vp8: eb34c28f22e8b96e1ab97ce403110664 -> 
  custom:audio-decoder-ogg-vorbis: bf7c407c2cedff20999df2af8eb42d56 -> 
  custom:audio-encoder-webm-vorbis: bf7c407c2cedff20999df2af8eb42d56 -> 
  custom:scripting/precompiled-assembly-types:Assembly-CSharp: 3631b7fce5c19a9ab2738fdbce78022c -> 
========================================================================
Received Import Request.
  Time since last request: 15.115939 seconds.
  path: Assets/Script/PuerTsTest.cs
  artifactKey: Guid(5c3d8c3e4f824c44f861aad861cc09b3) Importer(815301076,1909f56bfc062723c751e8b465ee728b)
Start importing Assets/Script/PuerTsTest.cs using Guid(5c3d8c3e4f824c44f861aad861cc09b3) Importer(815301076,1909f56bfc062723c751e8b465ee728b) [PhysX] Initialized MultithreadedTaskDispatcher with 12 workers.
 -> (artifact id: '1a08a8687eae1db0b547b0b9b724a314') in 0.001779 seconds
Number of updated asset objects reloaded before import = 0
Number of asset objects unloaded after import = 0
========================================================================
Received Prepare
Caller must complete domain reload
Begin MonoManager ReloadAssembly
- Loaded All Assemblies, in  0.355 seconds
Native extension for WindowsStandalone target not found
[Package Manager] Server::EnsureServerProcessIsRunning -- launch failed, reason: Unity was launched with the -noUpm command-line argument
[Package Manager] UpmClient::Send -- Unable to send message (not connected to UPM process).
[Package Manager] Cannot connect to Unity Package Manager local server
Mono: successfully reloaded assembly
- Finished resetting the current domain, in  0.702 seconds
Domain Reload Profiling: 1057ms
	BeginReloadAssembly (123ms)
		ExecutionOrderSort (0ms)
		DisableScriptedObjects (5ms)
		BackupInstance (0ms)
		ReleaseScriptingObjects (0ms)
		CreateAndSetChildDomain (24ms)
	RebuildCommonClasses (33ms)
	RebuildNativeTypeToScriptingClass (11ms)
	initialDomainReloadingComplete (19ms)
	LoadAllAssembliesAndSetupDomain (168ms)
		LoadAssemblies (213ms)
		RebuildTransferFunctionScriptingTraits (0ms)
		AnalyzeDomain (23ms)
			TypeCache.Refresh (9ms)
				TypeCache.ScanAssembly (0ms)
			ScanForSourceGeneratedMonoScriptInfo (9ms)
			ResolveRequiredComponents (4ms)
	FinalizeReload (703ms)
		ReleaseScriptCaches (0ms)
		RebuildScriptCaches (0ms)
		SetupLoadedEditorAssemblies (382ms)
			LogAssemblyErrors (0ms)
			InitializePlatformSupportModulesInManaged (4ms)
			SetLoadedEditorAssemblies (5ms)
			RefreshPlugins (0ms)
			BeforeProcessingInitializeOnLoad (74ms)
			ProcessInitializeOnLoadAttributes (279ms)
			ProcessInitializeOnLoadMethodAttributes (18ms)
			AfterProcessingInitializeOnLoad (2ms)
			EditorAssembliesLoaded (0ms)
		ExecutionOrderSort2 (0ms)
		AwakeInstancesAfterBackupRestoration (6ms)
Refreshing native plugins compatible for Editor in 2.06 ms, found 3 plugins.
Preloading 0 native plugins for Editor in 0.00 ms.
Unloading 3082 Unused Serialized files (Serialized files now loaded: 0)
Unloading 14 unused Assets / (28.4 KB). Loaded Objects now: 3562.
Memory consumption went from 117.0 MB to 117.0 MB.
Total: 2.023000 ms (FindLiveObjects: 0.181800 ms CreateObjectMapping: 0.078300 ms MarkObjects: 1.726400 ms  DeleteObjects: 0.035700 ms)

Prepare: number of updated asset objects reloaded= 0
AssetImportParameters requested are different than current active one (requested -> active):
  custom:container-demuxer-ogg: 62fdf1f143b41e24485cea50d1cbac27 -> 
  custom:video-decoder-ogg-theora: a1e56fd34408186e4bbccfd4996cb3dc -> 
  custom:framework-win-MediaFoundation: 216162199b28c13a410421893ffa2e32 -> 
  custom:CustomObjectIndexerAttribute: 9a22284fe3817be447336de3de66b15e -> 
  custom:container-demuxer-webm: 4f35f7cbe854078d1ac9338744f61a02 -> 
  custom:scripting/monoscript/fileName/PuerTSTest.cs: 03bcd7c39b979757bb05d244810c1a25 -> 
  custom:container-muxer-webm: aa71ff27fc2769a1b78a27578f13a17b -> 
  custom:video-decoder-webm-vp8: 9c59270c3fd7afecdb556c50c9e8de78 -> 
  custom:SearchIndexIgnoredProperties: e643bd26f0fe6173181afceb89e7c659 -> 
  custom:AudioImporter_EditorPlatform: d09bf68614088b80899f8185d706f6e7 -> 
  custom:scripting/monoscript/fileName/PuerTsTest.cs: 03bcd7c39b979757bb05d244810c1a25 -> 
  custom:video-encoder-webm-vp8: eb34c28f22e8b96e1ab97ce403110664 -> 
  custom:audio-decoder-ogg-vorbis: bf7c407c2cedff20999df2af8eb42d56 -> 
  custom:audio-encoder-webm-vorbis: bf7c407c2cedff20999df2af8eb42d56 -> 
  custom:scripting/precompiled-assembly-types:Assembly-CSharp: 3631b7fce5c19a9ab2738fdbce78022c -> 
========================================================================
Received Import Request.
  Time since last request: 83.087513 seconds.
  path: Assets/Script/PuerTsTest.cs
  artifactKey: Guid(5c3d8c3e4f824c44f861aad861cc09b3) Importer(815301076,1909f56bfc062723c751e8b465ee728b)
Start importing Assets/Script/PuerTsTest.cs using Guid(5c3d8c3e4f824c44f861aad861cc09b3) Importer(815301076,1909f56bfc062723c751e8b465ee728b) [PhysX] Initialized MultithreadedTaskDispatcher with 12 workers.
 -> (artifact id: 'd081e325303841546fcac6f18e263de0') in 0.002169 seconds
Number of updated asset objects reloaded before import = 0
Number of asset objects unloaded after import = 0
========================================================================
Received Prepare
Caller must complete domain reload
Begin MonoManager ReloadAssembly
- Loaded All Assemblies, in  0.416 seconds
Native extension for WindowsStandalone target not found
[Package Manager] Server::EnsureServerProcessIsRunning -- launch failed, reason: Unity was launched with the -noUpm command-line argument
[Package Manager] UpmClient::Send -- Unable to send message (not connected to UPM process).
[Package Manager] Cannot connect to Unity Package Manager local server
Mono: successfully reloaded assembly
- Finished resetting the current domain, in  0.705 seconds
Domain Reload Profiling: 1121ms
	BeginReloadAssembly (128ms)
		ExecutionOrderSort (0ms)
		DisableScriptedObjects (5ms)
		BackupInstance (0ms)
		ReleaseScriptingObjects (0ms)
		CreateAndSetChildDomain (31ms)
	RebuildCommonClasses (33ms)
	RebuildNativeTypeToScriptingClass (8ms)
	initialDomainReloadingComplete (22ms)
	LoadAllAssembliesAndSetupDomain (224ms)
		LoadAssemblies (223ms)
		RebuildTransferFunctionScriptingTraits (0ms)
		AnalyzeDomain (66ms)
			TypeCache.Refresh (52ms)
				TypeCache.ScanAssembly (42ms)
			ScanForSourceGeneratedMonoScriptInfo (9ms)
			ResolveRequiredComponents (4ms)
	FinalizeReload (705ms)
		ReleaseScriptCaches (0ms)
		RebuildScriptCaches (0ms)
		SetupLoadedEditorAssemblies (375ms)
			LogAssemblyErrors (0ms)
			InitializePlatformSupportModulesInManaged (5ms)
			SetLoadedEditorAssemblies (3ms)
			RefreshPlugins (0ms)
			BeforeProcessingInitializeOnLoad (65ms)
			ProcessInitializeOnLoadAttributes (277ms)
			ProcessInitializeOnLoadMethodAttributes (22ms)
			AfterProcessingInitializeOnLoad (3ms)
			EditorAssembliesLoaded (0ms)
		ExecutionOrderSort2 (0ms)
		AwakeInstancesAfterBackupRestoration (7ms)
Refreshing native plugins compatible for Editor in 4.24 ms, found 6 plugins.
Preloading 0 native plugins for Editor in 0.00 ms.
Unloading 3133 Unused Serialized files (Serialized files now loaded: 0)
Unloading 15 unused Assets / (29.0 KB). Loaded Objects now: 3615.
Memory consumption went from 118.1 MB to 118.0 MB.
Total: 2.494000 ms (FindLiveObjects: 0.281400 ms CreateObjectMapping: 0.119300 ms MarkObjects: 2.048400 ms  DeleteObjects: 0.043400 ms)

Prepare: number of updated asset objects reloaded= 0
AssetImportParameters requested are different than current active one (requested -> active):
  custom:scripting/monoscript/fileName/JsEnv.cs: 7e55a4ddbc227b83b06553d601d6de37 -> 
  custom:scripting/monoscript/fileName/UnityMenu.cs: b7b1412a41f8d3932e3dbf87d7da1252 -> 
  custom:scripting/monoscript/fileName/LuaImporter.cs: 785264d0a611aa32e0b3d3a2a709ed26 -> 
  custom:container-demuxer-ogg: 62fdf1f143b41e24485cea50d1cbac27 -> 
  custom:scripting/monoscript/fileName/StaticWrapperMenu.cs: f52b6082723446f1b502f6ad1ac9cb86 -> 
  custom:video-decoder-ogg-theora: a1e56fd34408186e4bbccfd4996cb3dc -> 
  custom:framework-win-MediaFoundation: 216162199b28c13a410421893ffa2e32 -> 
  custom:scripting/precompiled-assembly-types:com.tencent.puerts.v8.Editor: c9cc3e46aa7fc752d86483dbd904a801 -> 
  custom:scripting/monoscript/fileName/ArrayBuffer.cs: 2bd2954853bbf31284a7e62a2b42fb0c -> 
  custom:scripting/monoscript/fileName/Utils.cs: dfcab60272f80959421cf8bc67e7aa04 -> 40c528c300bfc0733192292a788cb076
  custom:scripting/monoscript/fileName/PapiV8Native.cs: aa45fcf9c195f6d4a0c32c36afd055c3 -> 
  custom:scripting/monoscript/fileName/GenerateChecker.cs: 84e6a68c51dd1cc8cb5f1afa22d52f6b -> 
  custom:CustomObjectIndexerAttribute: 9a22284fe3817be447336de3de66b15e -> 
  custom:container-demuxer-webm: 4f35f7cbe854078d1ac9338744f61a02 -> 
  custom:scripting/monoscript/fileName/ScriptEnv.cs: dfb3df5d3df1c4d1ec817b61ace68b5d -> 
  custom:scripting/monoscript/fileName/PuerTSTest.cs: 03bcd7c39b979757bb05d244810c1a25 -> 
  custom:scripting/monoscript/fileName/InstructionsFilter.cs: 92e58ef2d44c90485c94a741ce16d338 -> 
  custom:scripting/monoscript/fileName/ArrayExtension.cs: 41bbf97a80a3e18d8b6d787250a4862c -> 
  custom:scripting/monoscript/fileName/PuertsDLL.cs: 215e1564daf0f0b3f8a46bdf29f26058 -> 
  custom:scripting/monoscript/fileName/ScriptObject.cs: 13455a8c32197075bc7e6cf0f0a25a0a -> 
  custom:scripting/precompiled-assembly-types:Mono.Reflection: 6e5d7b01e7549cdfc60f5b299ea95645 -> 
  custom:scripting/monoscript/fileName/U2018Compatible.cs: 468e4c60ac8883c1601ad59c096c3979 -> 
  custom:scripting/monoscript/fileName/ExtensionMethodInfos_Gen_Internal.cs: a415b2756e671b2643b93fafbf3010f1 -> 
  custom:scripting/monoscript/fileName/CSharpFileExporter.cs: d116687670494a351b271b7a8728a538 -> 
  custom:scripting/monoscript/fileName/FAQHelper.cs: e225fb449f9082b824715036e8a32a12 -> 
  custom:scripting/monoscript/fileName/PuertsNative.cs: 31d5428f137eeca027328a8b57357f9c -> 
  custom:container-muxer-webm: aa71ff27fc2769a1b78a27578f13a17b -> 
  custom:scripting/monoscript/fileName/BackendJs.cs: bb1b5d186e02070e77b6057e72faff82 -> 
  custom:scripting/monoscript/fileName/ObjectPool.cs: 103ebbd2b6e5f74b1b6d91febb00352a -> 
  custom:scripting/monoscript/fileName/ExpressionToCSharpVisitor.cs: a6c5a7084850ba51405ce6505b6f05ff -> 
  custom:video-decoder-webm-vp8: 9c59270c3fd7afecdb556c50c9e8de78 -> 
  custom:SearchIndexIgnoredProperties: e643bd26f0fe6173181afceb89e7c659 -> 
  custom:scripting/monoscript/fileName/Configure.cs: 98a56260bbb4bf3117facc60ad8f21b3 -> 
  custom:scripting/monoscript/fileName/NativeAPI.cs: e12a6ed10592e8f30367caeb8202632e -> 
  custom:AudioImporter_EditorPlatform: d09bf68614088b80899f8185d706f6e7 -> 
  custom:scripting/monoscript/fileName/Backend.cs: 73291730f3e5739f49810494885292ea -> 
  custom:scripting/monoscript/fileName/TypeExtensions.cs: 65bbde9f08d8cc2c2e1cf87c81892b9b -> dcfbda865fe8349225c494951670deb0
  custom:scripting/monoscript/fileName/TypeRegister.cs: 16b2e5dc78ac63bc0e45f8dfa0bd40fc -> 
  custom:scripting/monoscript/fileName/WSPPAddonNative.cs: 68dc1b7be139c8b552ea4e0fffc7726e -> 
  custom:scripting/monoscript/fileName/MarshalExtensions.cs: f0a7f5bdd13a1f9f5d78f93344afc951 -> 
  custom:scripting/monoscript/fileName/TypeUtils.cs: 8bfd4dabaeb1bdd3655a16670b53e363 -> 
  custom:scripting/monoscript/fileName/ExpressionsWrap.cs: 8d89c631021979e253cb0a6f22cb7857 -> 
  custom:scripting/precompiled-assembly-types:com.tencent.puerts.core.Editor: 58301de35153c8ad178c6bd0a404c25c -> 
  custom:scripting/monoscript/fileName/Loader.cs: 222946a706678b6fa7664e4336cdac03 -> 
  custom:scripting/monoscript/fileName/PuerTsTest.cs: d6a7022275bbab6274cfd0d91bcad2e3 -> 
  custom:video-encoder-webm-vp8: eb34c28f22e8b96e1ab97ce403110664 -> 
  custom:scripting/monoscript/fileName/BackendV8.cs: 53fc9d3d76a676c332980ee87d799c87 -> 
  custom:scripting/monoscript/fileName/DocResolver.cs: ca42b7550f81379b6c692d0df9857c92 -> 
  custom:audio-decoder-ogg-vorbis: bf7c407c2cedff20999df2af8eb42d56 -> 
  custom:scripting/monoscript/fileName/StaticWrapperGenerator.cs: dc9003bd692bccd269aaadf4f4e8462b -> 
  custom:scripting/monoscript/fileName/DTSUnityMenu.cs: 61e85cab5575c47d5930817fe529426b -> 
  custom:scripting/monoscript/fileName/MJSImporter.cs: f265803032731d4d36f0df8320ba98a0 -> 
  custom:scripting/precompiled-assembly-types:com.tencent.puerts.core: 132481c1f1fa8b0f3d77ba101d2de4c7 -> 
  custom:scripting/monoscript/fileName/DTS.cs: 2ed5669d552f8bf26af00de208eed94b -> 
  custom:scripting/monoscript/fileName/RegisterInfoManager.cs: 9a3f0f4b63d5db4cf5849d76aa907812 -> 
  custom:scripting/monoscript/fileName/RegisterInfo.cs: 8affb3491b4bf4d164eaeaf65153757b -> 
  custom:audio-encoder-webm-vorbis: bf7c407c2cedff20999df2af8eb42d56 -> 
  custom:scripting/monoscript/fileName/CJSImporter.cs: 82b681d124ffdea6bf5ddb00963634b8 -> 
  custom:scripting/monoscript/fileName/CSharpCodeGen.cs: fdca55e92a33ac171ea5cead1edcbf65 -> 
  custom:scripting/monoscript/fileName/PathHelper.cs: 140ba4e1ea47eceb686c6e54095c307a -> 
  custom:scripting/precompiled-assembly-types:Assembly-CSharp: bd2a91421d61a8676bce337512c6f3e9 -> 
  custom:scripting/monoscript/fileName/TypedValue.cs: 783cff2646c3be7749e47c99acb529ad -> 
  custom:scripting/precompiled-assembly-types:com.tencent.puerts.v8: 1ca93d3db160bb00336d8405e0116734 -> 
========================================================================
Received Prepare
Caller must complete domain reload
Begin MonoManager ReloadAssembly
- Loaded All Assemblies, in  0.349 seconds
Native extension for WindowsStandalone target not found
[Package Manager] Server::EnsureServerProcessIsRunning -- launch failed, reason: Unity was launched with the -noUpm command-line argument
[Package Manager] UpmClient::Send -- Unable to send message (not connected to UPM process).
[Package Manager] Cannot connect to Unity Package Manager local server
Mono: successfully reloaded assembly
- Finished resetting the current domain, in  0.727 seconds
Domain Reload Profiling: 1076ms
	BeginReloadAssembly (115ms)
		ExecutionOrderSort (0ms)
		DisableScriptedObjects (4ms)
		BackupInstance (0ms)
		ReleaseScriptingObjects (0ms)
		CreateAndSetChildDomain (24ms)
	RebuildCommonClasses (33ms)
	RebuildNativeTypeToScriptingClass (10ms)
	initialDomainReloadingComplete (20ms)
	LoadAllAssembliesAndSetupDomain (171ms)
		LoadAssemblies (220ms)
		RebuildTransferFunctionScriptingTraits (0ms)
		AnalyzeDomain (13ms)
			TypeCache.Refresh (6ms)
				TypeCache.ScanAssembly (0ms)
			ScanForSourceGeneratedMonoScriptInfo (0ms)
			ResolveRequiredComponents (4ms)
	FinalizeReload (728ms)
		ReleaseScriptCaches (0ms)
		RebuildScriptCaches (0ms)
		SetupLoadedEditorAssemblies (387ms)
			LogAssemblyErrors (0ms)
			InitializePlatformSupportModulesInManaged (4ms)
			SetLoadedEditorAssemblies (3ms)
			RefreshPlugins (0ms)
			BeforeProcessingInitializeOnLoad (67ms)
			ProcessInitializeOnLoadAttributes (293ms)
			ProcessInitializeOnLoadMethodAttributes (17ms)
			AfterProcessingInitializeOnLoad (2ms)
			EditorAssembliesLoaded (0ms)
		ExecutionOrderSort2 (0ms)
		AwakeInstancesAfterBackupRestoration (6ms)
Refreshing native plugins compatible for Editor in 3.93 ms, found 6 plugins.
Preloading 0 native plugins for Editor in 0.00 ms.
Unloading 3134 Unused Serialized files (Serialized files now loaded: 0)
Unloading 15 unused Assets / (29.1 KB). Loaded Objects now: 3618.
Memory consumption went from 118.3 MB to 118.3 MB.
Total: 2.357400 ms (FindLiveObjects: 0.199400 ms CreateObjectMapping: 0.099100 ms MarkObjects: 2.014400 ms  DeleteObjects: 0.043400 ms)

Prepare: number of updated asset objects reloaded= 0
AssetImportParameters requested are different than current active one (requested -> active):
  custom:scripting/monoscript/fileName/JsEnv.cs: 7e55a4ddbc227b83b06553d601d6de37 -> 
  custom:scripting/monoscript/fileName/UnityMenu.cs: b7b1412a41f8d3932e3dbf87d7da1252 -> 
  custom:scripting/monoscript/fileName/LuaImporter.cs: 785264d0a611aa32e0b3d3a2a709ed26 -> 
  custom:container-demuxer-ogg: 62fdf1f143b41e24485cea50d1cbac27 -> 
  custom:scripting/monoscript/fileName/StaticWrapperMenu.cs: f52b6082723446f1b502f6ad1ac9cb86 -> 
  custom:video-decoder-ogg-theora: a1e56fd34408186e4bbccfd4996cb3dc -> 
  custom:framework-win-MediaFoundation: 216162199b28c13a410421893ffa2e32 -> 
  custom:scripting/precompiled-assembly-types:com.tencent.puerts.v8.Editor: c9cc3e46aa7fc752d86483dbd904a801 -> 
  custom:scripting/monoscript/fileName/ArrayBuffer.cs: 2bd2954853bbf31284a7e62a2b42fb0c -> 
  custom:scripting/monoscript/fileName/Utils.cs: dfcab60272f80959421cf8bc67e7aa04 -> 40c528c300bfc0733192292a788cb076
  custom:scripting/monoscript/fileName/PapiV8Native.cs: aa45fcf9c195f6d4a0c32c36afd055c3 -> 
  custom:scripting/monoscript/fileName/GenerateChecker.cs: 84e6a68c51dd1cc8cb5f1afa22d52f6b -> 
  custom:CustomObjectIndexerAttribute: 9a22284fe3817be447336de3de66b15e -> 
  custom:container-demuxer-webm: 4f35f7cbe854078d1ac9338744f61a02 -> 
  custom:scripting/monoscript/fileName/ScriptEnv.cs: dfb3df5d3df1c4d1ec817b61ace68b5d -> 
  custom:scripting/monoscript/fileName/PuerTSTest.cs: 03bcd7c39b979757bb05d244810c1a25 -> 
  custom:scripting/monoscript/fileName/InstructionsFilter.cs: 92e58ef2d44c90485c94a741ce16d338 -> 
  custom:scripting/monoscript/fileName/ArrayExtension.cs: 41bbf97a80a3e18d8b6d787250a4862c -> 
  custom:scripting/monoscript/fileName/PuertsDLL.cs: 215e1564daf0f0b3f8a46bdf29f26058 -> 
  custom:scripting/monoscript/fileName/ScriptObject.cs: 13455a8c32197075bc7e6cf0f0a25a0a -> 
  custom:scripting/precompiled-assembly-types:Mono.Reflection: 6e5d7b01e7549cdfc60f5b299ea95645 -> 
  custom:scripting/monoscript/fileName/U2018Compatible.cs: 468e4c60ac8883c1601ad59c096c3979 -> 
  custom:scripting/monoscript/fileName/ExtensionMethodInfos_Gen_Internal.cs: a415b2756e671b2643b93fafbf3010f1 -> 
  custom:scripting/monoscript/fileName/CSharpFileExporter.cs: d116687670494a351b271b7a8728a538 -> 
  custom:scripting/monoscript/fileName/FAQHelper.cs: e225fb449f9082b824715036e8a32a12 -> 
  custom:scripting/monoscript/fileName/PuertsNative.cs: 31d5428f137eeca027328a8b57357f9c -> 
  custom:container-muxer-webm: aa71ff27fc2769a1b78a27578f13a17b -> 
  custom:scripting/monoscript/fileName/BackendJs.cs: bb1b5d186e02070e77b6057e72faff82 -> 
  custom:scripting/monoscript/fileName/ObjectPool.cs: 103ebbd2b6e5f74b1b6d91febb00352a -> 
  custom:scripting/monoscript/fileName/ExpressionToCSharpVisitor.cs: a6c5a7084850ba51405ce6505b6f05ff -> 
  custom:video-decoder-webm-vp8: 9c59270c3fd7afecdb556c50c9e8de78 -> 
  custom:SearchIndexIgnoredProperties: e643bd26f0fe6173181afceb89e7c659 -> 
  custom:scripting/monoscript/fileName/Configure.cs: 98a56260bbb4bf3117facc60ad8f21b3 -> 
  custom:scripting/monoscript/fileName/NativeAPI.cs: e12a6ed10592e8f30367caeb8202632e -> 
  custom:AudioImporter_EditorPlatform: d09bf68614088b80899f8185d706f6e7 -> 
  custom:scripting/monoscript/fileName/Backend.cs: 73291730f3e5739f49810494885292ea -> 
  custom:scripting/monoscript/fileName/TypeExtensions.cs: 65bbde9f08d8cc2c2e1cf87c81892b9b -> dcfbda865fe8349225c494951670deb0
  custom:scripting/monoscript/fileName/TypeRegister.cs: 16b2e5dc78ac63bc0e45f8dfa0bd40fc -> 
  custom:scripting/monoscript/fileName/WSPPAddonNative.cs: 68dc1b7be139c8b552ea4e0fffc7726e -> 
  custom:scripting/monoscript/fileName/MarshalExtensions.cs: f0a7f5bdd13a1f9f5d78f93344afc951 -> 
  custom:scripting/monoscript/fileName/TypeUtils.cs: 8bfd4dabaeb1bdd3655a16670b53e363 -> 
  custom:scripting/monoscript/fileName/ExpressionsWrap.cs: 8d89c631021979e253cb0a6f22cb7857 -> 
  custom:scripting/precompiled-assembly-types:com.tencent.puerts.core.Editor: 58301de35153c8ad178c6bd0a404c25c -> 
  custom:scripting/monoscript/fileName/Loader.cs: 222946a706678b6fa7664e4336cdac03 -> 
  custom:scripting/monoscript/fileName/PuerTsTest.cs: d6a7022275bbab6274cfd0d91bcad2e3 -> 
  custom:video-encoder-webm-vp8: eb34c28f22e8b96e1ab97ce403110664 -> 
  custom:scripting/monoscript/fileName/BackendV8.cs: 53fc9d3d76a676c332980ee87d799c87 -> 
  custom:scripting/monoscript/fileName/DocResolver.cs: ca42b7550f81379b6c692d0df9857c92 -> 
  custom:audio-decoder-ogg-vorbis: bf7c407c2cedff20999df2af8eb42d56 -> 
  custom:scripting/monoscript/fileName/StaticWrapperGenerator.cs: dc9003bd692bccd269aaadf4f4e8462b -> 
  custom:scripting/monoscript/fileName/DTSUnityMenu.cs: 61e85cab5575c47d5930817fe529426b -> 
  custom:scripting/monoscript/fileName/MJSImporter.cs: f265803032731d4d36f0df8320ba98a0 -> 
  custom:scripting/precompiled-assembly-types:com.tencent.puerts.core: 132481c1f1fa8b0f3d77ba101d2de4c7 -> 
  custom:scripting/monoscript/fileName/DTS.cs: 2ed5669d552f8bf26af00de208eed94b -> 
  custom:scripting/monoscript/fileName/RegisterInfoManager.cs: 9a3f0f4b63d5db4cf5849d76aa907812 -> 
  custom:scripting/monoscript/fileName/RegisterInfo.cs: 8affb3491b4bf4d164eaeaf65153757b -> 
  custom:audio-encoder-webm-vorbis: bf7c407c2cedff20999df2af8eb42d56 -> 
  custom:scripting/monoscript/fileName/CJSImporter.cs: 82b681d124ffdea6bf5ddb00963634b8 -> 
  custom:scripting/monoscript/fileName/CSharpCodeGen.cs: fdca55e92a33ac171ea5cead1edcbf65 -> 
  custom:scripting/monoscript/fileName/PathHelper.cs: 140ba4e1ea47eceb686c6e54095c307a -> 
  custom:scripting/precompiled-assembly-types:Assembly-CSharp: bd2a91421d61a8676bce337512c6f3e9 -> 
  custom:scripting/monoscript/fileName/TypedValue.cs: 783cff2646c3be7749e47c99acb529ad -> 
  custom:scripting/precompiled-assembly-types:com.tencent.puerts.v8: 1ca93d3db160bb00336d8405e0116734 -> 
========================================================================
Received Prepare
Caller must complete domain reload
Begin MonoManager ReloadAssembly
- Loaded All Assemblies, in  0.360 seconds
Native extension for WindowsStandalone target not found
[Package Manager] Server::EnsureServerProcessIsRunning -- launch failed, reason: Unity was launched with the -noUpm command-line argument
[Package Manager] UpmClient::Send -- Unable to send message (not connected to UPM process).
[Package Manager] Cannot connect to Unity Package Manager local server
Mono: successfully reloaded assembly
- Finished resetting the current domain, in  0.728 seconds
Domain Reload Profiling: 1088ms
	BeginReloadAssembly (124ms)
		ExecutionOrderSort (0ms)
		DisableScriptedObjects (4ms)
		BackupInstance (0ms)
		ReleaseScriptingObjects (0ms)
		CreateAndSetChildDomain (25ms)
	RebuildCommonClasses (30ms)
	RebuildNativeTypeToScriptingClass (9ms)
	initialDomainReloadingComplete (21ms)
	LoadAllAssembliesAndSetupDomain (175ms)
		LoadAssemblies (227ms)
		RebuildTransferFunctionScriptingTraits (0ms)
		AnalyzeDomain (16ms)
			TypeCache.Refresh (5ms)
				TypeCache.ScanAssembly (0ms)
			ScanForSourceGeneratedMonoScriptInfo (0ms)
			ResolveRequiredComponents (8ms)
	FinalizeReload (729ms)
		ReleaseScriptCaches (0ms)
		RebuildScriptCaches (0ms)
		SetupLoadedEditorAssemblies (373ms)
			LogAssemblyErrors (0ms)
			InitializePlatformSupportModulesInManaged (6ms)
			SetLoadedEditorAssemblies (3ms)
			RefreshPlugins (0ms)
			BeforeProcessingInitializeOnLoad (66ms)
			ProcessInitializeOnLoadAttributes (278ms)
			ProcessInitializeOnLoadMethodAttributes (18ms)
			AfterProcessingInitializeOnLoad (2ms)
			EditorAssembliesLoaded (0ms)
		ExecutionOrderSort2 (0ms)
		AwakeInstancesAfterBackupRestoration (6ms)
Refreshing native plugins compatible for Editor in 5.87 ms, found 6 plugins.
Preloading 0 native plugins for Editor in 0.00 ms.
Unloading 3134 Unused Serialized files (Serialized files now loaded: 0)
Unloading 15 unused Assets / (29.1 KB). Loaded Objects now: 3621.
Memory consumption went from 118.3 MB to 118.3 MB.
Total: 2.383200 ms (FindLiveObjects: 0.205900 ms CreateObjectMapping: 0.114000 ms MarkObjects: 2.014300 ms  DeleteObjects: 0.048000 ms)

Prepare: number of updated asset objects reloaded= 0
AssetImportParameters requested are different than current active one (requested -> active):
  custom:scripting/monoscript/fileName/JsEnv.cs: 7e55a4ddbc227b83b06553d601d6de37 -> 
  custom:scripting/monoscript/fileName/UnityMenu.cs: b7b1412a41f8d3932e3dbf87d7da1252 -> 
  custom:scripting/monoscript/fileName/LuaImporter.cs: 785264d0a611aa32e0b3d3a2a709ed26 -> 
  custom:container-demuxer-ogg: 62fdf1f143b41e24485cea50d1cbac27 -> 
  custom:scripting/monoscript/fileName/StaticWrapperMenu.cs: f52b6082723446f1b502f6ad1ac9cb86 -> 
  custom:video-decoder-ogg-theora: a1e56fd34408186e4bbccfd4996cb3dc -> 
  custom:framework-win-MediaFoundation: 216162199b28c13a410421893ffa2e32 -> 
  custom:scripting/precompiled-assembly-types:com.tencent.puerts.v8.Editor: c9cc3e46aa7fc752d86483dbd904a801 -> 
  custom:scripting/monoscript/fileName/ArrayBuffer.cs: 2bd2954853bbf31284a7e62a2b42fb0c -> 
  custom:scripting/monoscript/fileName/Utils.cs: dfcab60272f80959421cf8bc67e7aa04 -> 40c528c300bfc0733192292a788cb076
  custom:scripting/monoscript/fileName/PapiV8Native.cs: aa45fcf9c195f6d4a0c32c36afd055c3 -> 
  custom:scripting/monoscript/fileName/GenerateChecker.cs: 84e6a68c51dd1cc8cb5f1afa22d52f6b -> 
  custom:CustomObjectIndexerAttribute: 9a22284fe3817be447336de3de66b15e -> 
  custom:container-demuxer-webm: 4f35f7cbe854078d1ac9338744f61a02 -> 
  custom:scripting/monoscript/fileName/ScriptEnv.cs: dfb3df5d3df1c4d1ec817b61ace68b5d -> 
  custom:scripting/monoscript/fileName/PuerTSTest.cs: 03bcd7c39b979757bb05d244810c1a25 -> 
  custom:scripting/monoscript/fileName/InstructionsFilter.cs: 92e58ef2d44c90485c94a741ce16d338 -> 
  custom:scripting/monoscript/fileName/ArrayExtension.cs: 41bbf97a80a3e18d8b6d787250a4862c -> 
  custom:scripting/monoscript/fileName/PuertsDLL.cs: 215e1564daf0f0b3f8a46bdf29f26058 -> 
  custom:scripting/monoscript/fileName/ScriptObject.cs: 13455a8c32197075bc7e6cf0f0a25a0a -> 
  custom:scripting/precompiled-assembly-types:Mono.Reflection: 6e5d7b01e7549cdfc60f5b299ea95645 -> 
  custom:scripting/monoscript/fileName/U2018Compatible.cs: 468e4c60ac8883c1601ad59c096c3979 -> 
  custom:scripting/monoscript/fileName/ExtensionMethodInfos_Gen_Internal.cs: a415b2756e671b2643b93fafbf3010f1 -> 
  custom:scripting/monoscript/fileName/CSharpFileExporter.cs: d116687670494a351b271b7a8728a538 -> 
  custom:scripting/monoscript/fileName/FAQHelper.cs: e225fb449f9082b824715036e8a32a12 -> 
  custom:scripting/monoscript/fileName/PuertsNative.cs: 31d5428f137eeca027328a8b57357f9c -> 
  custom:container-muxer-webm: aa71ff27fc2769a1b78a27578f13a17b -> 
  custom:scripting/monoscript/fileName/BackendJs.cs: bb1b5d186e02070e77b6057e72faff82 -> 
  custom:scripting/monoscript/fileName/ObjectPool.cs: 103ebbd2b6e5f74b1b6d91febb00352a -> 
  custom:scripting/monoscript/fileName/ExpressionToCSharpVisitor.cs: a6c5a7084850ba51405ce6505b6f05ff -> 
  custom:video-decoder-webm-vp8: 9c59270c3fd7afecdb556c50c9e8de78 -> 
  custom:SearchIndexIgnoredProperties: e643bd26f0fe6173181afceb89e7c659 -> 
  custom:scripting/monoscript/fileName/Configure.cs: 98a56260bbb4bf3117facc60ad8f21b3 -> 
  custom:scripting/monoscript/fileName/NativeAPI.cs: e12a6ed10592e8f30367caeb8202632e -> 
  custom:AudioImporter_EditorPlatform: d09bf68614088b80899f8185d706f6e7 -> 
  custom:scripting/monoscript/fileName/Backend.cs: 73291730f3e5739f49810494885292ea -> 
  custom:scripting/monoscript/fileName/TypeExtensions.cs: 65bbde9f08d8cc2c2e1cf87c81892b9b -> dcfbda865fe8349225c494951670deb0
  custom:scripting/monoscript/fileName/TypeRegister.cs: 16b2e5dc78ac63bc0e45f8dfa0bd40fc -> 
  custom:scripting/monoscript/fileName/WSPPAddonNative.cs: 68dc1b7be139c8b552ea4e0fffc7726e -> 
  custom:scripting/monoscript/fileName/MarshalExtensions.cs: f0a7f5bdd13a1f9f5d78f93344afc951 -> 
  custom:scripting/monoscript/fileName/TypeUtils.cs: 8bfd4dabaeb1bdd3655a16670b53e363 -> 
  custom:scripting/monoscript/fileName/ExpressionsWrap.cs: 8d89c631021979e253cb0a6f22cb7857 -> 
  custom:scripting/precompiled-assembly-types:com.tencent.puerts.core.Editor: 58301de35153c8ad178c6bd0a404c25c -> 
  custom:scripting/monoscript/fileName/Loader.cs: 222946a706678b6fa7664e4336cdac03 -> 
  custom:scripting/monoscript/fileName/PuerTsTest.cs: d6a7022275bbab6274cfd0d91bcad2e3 -> 
  custom:video-encoder-webm-vp8: eb34c28f22e8b96e1ab97ce403110664 -> 
  custom:scripting/monoscript/fileName/BackendV8.cs: 53fc9d3d76a676c332980ee87d799c87 -> 
  custom:scripting/monoscript/fileName/DocResolver.cs: ca42b7550f81379b6c692d0df9857c92 -> 
  custom:audio-decoder-ogg-vorbis: bf7c407c2cedff20999df2af8eb42d56 -> 
  custom:scripting/monoscript/fileName/StaticWrapperGenerator.cs: dc9003bd692bccd269aaadf4f4e8462b -> 
  custom:scripting/monoscript/fileName/DTSUnityMenu.cs: 61e85cab5575c47d5930817fe529426b -> 
  custom:scripting/monoscript/fileName/MJSImporter.cs: f265803032731d4d36f0df8320ba98a0 -> 
  custom:scripting/precompiled-assembly-types:com.tencent.puerts.core: 132481c1f1fa8b0f3d77ba101d2de4c7 -> 
  custom:scripting/monoscript/fileName/DTS.cs: 2ed5669d552f8bf26af00de208eed94b -> 
  custom:scripting/monoscript/fileName/RegisterInfoManager.cs: 9a3f0f4b63d5db4cf5849d76aa907812 -> 
  custom:scripting/monoscript/fileName/RegisterInfo.cs: 8affb3491b4bf4d164eaeaf65153757b -> 
  custom:audio-encoder-webm-vorbis: bf7c407c2cedff20999df2af8eb42d56 -> 
  custom:scripting/monoscript/fileName/CJSImporter.cs: 82b681d124ffdea6bf5ddb00963634b8 -> 
  custom:scripting/monoscript/fileName/CSharpCodeGen.cs: fdca55e92a33ac171ea5cead1edcbf65 -> 
  custom:scripting/monoscript/fileName/PathHelper.cs: 140ba4e1ea47eceb686c6e54095c307a -> 
  custom:scripting/precompiled-assembly-types:Assembly-CSharp: bd2a91421d61a8676bce337512c6f3e9 -> 
  custom:scripting/monoscript/fileName/TypedValue.cs: 783cff2646c3be7749e47c99acb529ad -> 
  custom:scripting/precompiled-assembly-types:com.tencent.puerts.v8: 1ca93d3db160bb00336d8405e0116734 -> 
========================================================================
Received Prepare
Caller must complete domain reload
Begin MonoManager ReloadAssembly
- Loaded All Assemblies, in  0.461 seconds
Native extension for WindowsStandalone target not found
[Package Manager] Server::EnsureServerProcessIsRunning -- launch failed, reason: Unity was launched with the -noUpm command-line argument
[Package Manager] UpmClient::Send -- Unable to send message (not connected to UPM process).
[Package Manager] Cannot connect to Unity Package Manager local server
Mono: successfully reloaded assembly
- Finished resetting the current domain, in  0.873 seconds
Domain Reload Profiling: 1334ms
	BeginReloadAssembly (160ms)
		ExecutionOrderSort (0ms)
		DisableScriptedObjects (7ms)
		BackupInstance (0ms)
		ReleaseScriptingObjects (0ms)
		CreateAndSetChildDomain (31ms)
	RebuildCommonClasses (43ms)
	RebuildNativeTypeToScriptingClass (15ms)
	initialDomainReloadingComplete (28ms)
	LoadAllAssembliesAndSetupDomain (215ms)
		LoadAssemblies (284ms)
		RebuildTransferFunctionScriptingTraits (0ms)
		AnalyzeDomain (22ms)
			TypeCache.Refresh (9ms)
				TypeCache.ScanAssembly (0ms)
			ScanForSourceGeneratedMonoScriptInfo (6ms)
			ResolveRequiredComponents (6ms)
	FinalizeReload (874ms)
		ReleaseScriptCaches (0ms)
		RebuildScriptCaches (0ms)
		SetupLoadedEditorAssemblies (469ms)
			LogAssemblyErrors (0ms)
			InitializePlatformSupportModulesInManaged (4ms)
			SetLoadedEditorAssemblies (4ms)
			RefreshPlugins (0ms)
			BeforeProcessingInitializeOnLoad (80ms)
			ProcessInitializeOnLoadAttributes (352ms)
			ProcessInitializeOnLoadMethodAttributes (27ms)
			AfterProcessingInitializeOnLoad (2ms)
			EditorAssembliesLoaded (0ms)
		ExecutionOrderSort2 (0ms)
		AwakeInstancesAfterBackupRestoration (6ms)
Refreshing native plugins compatible for Editor in 5.92 ms, found 6 plugins.
Preloading 0 native plugins for Editor in 0.00 ms.
Unloading 3134 Unused Serialized files (Serialized files now loaded: 0)
Unloading 15 unused Assets / (29.1 KB). Loaded Objects now: 3624.
Memory consumption went from 118.3 MB to 118.3 MB.
Total: 3.595100 ms (FindLiveObjects: 0.372400 ms CreateObjectMapping: 0.140300 ms MarkObjects: 3.029700 ms  DeleteObjects: 0.051600 ms)

Prepare: number of updated asset objects reloaded= 0
AssetImportParameters requested are different than current active one (requested -> active):
  custom:scripting/monoscript/fileName/JsEnv.cs: 7e55a4ddbc227b83b06553d601d6de37 -> 
  custom:scripting/monoscript/fileName/UnityMenu.cs: b7b1412a41f8d3932e3dbf87d7da1252 -> 
  custom:scripting/monoscript/fileName/LuaImporter.cs: 785264d0a611aa32e0b3d3a2a709ed26 -> 
  custom:container-demuxer-ogg: 62fdf1f143b41e24485cea50d1cbac27 -> 
  custom:scripting/monoscript/fileName/StaticWrapperMenu.cs: f52b6082723446f1b502f6ad1ac9cb86 -> 
  custom:video-decoder-ogg-theora: a1e56fd34408186e4bbccfd4996cb3dc -> 
  custom:framework-win-MediaFoundation: 216162199b28c13a410421893ffa2e32 -> 
  custom:scripting/precompiled-assembly-types:com.tencent.puerts.v8.Editor: c9cc3e46aa7fc752d86483dbd904a801 -> 
  custom:scripting/monoscript/fileName/ArrayBuffer.cs: 2bd2954853bbf31284a7e62a2b42fb0c -> 
  custom:scripting/monoscript/fileName/Utils.cs: dfcab60272f80959421cf8bc67e7aa04 -> 40c528c300bfc0733192292a788cb076
  custom:scripting/monoscript/fileName/PapiV8Native.cs: aa45fcf9c195f6d4a0c32c36afd055c3 -> 
  custom:scripting/monoscript/fileName/GenerateChecker.cs: 84e6a68c51dd1cc8cb5f1afa22d52f6b -> 
  custom:CustomObjectIndexerAttribute: 9a22284fe3817be447336de3de66b15e -> 
  custom:container-demuxer-webm: 4f35f7cbe854078d1ac9338744f61a02 -> 
  custom:scripting/monoscript/fileName/ScriptEnv.cs: dfb3df5d3df1c4d1ec817b61ace68b5d -> 
  custom:scripting/monoscript/fileName/PuerTSTest.cs: 03bcd7c39b979757bb05d244810c1a25 -> 
  custom:scripting/monoscript/fileName/InstructionsFilter.cs: 92e58ef2d44c90485c94a741ce16d338 -> 
  custom:scripting/monoscript/fileName/ArrayExtension.cs: 41bbf97a80a3e18d8b6d787250a4862c -> 
  custom:scripting/monoscript/fileName/PuertsDLL.cs: 215e1564daf0f0b3f8a46bdf29f26058 -> 
  custom:scripting/monoscript/fileName/ScriptObject.cs: 13455a8c32197075bc7e6cf0f0a25a0a -> 
  custom:scripting/precompiled-assembly-types:Mono.Reflection: 6e5d7b01e7549cdfc60f5b299ea95645 -> 
  custom:scripting/monoscript/fileName/U2018Compatible.cs: 468e4c60ac8883c1601ad59c096c3979 -> 
  custom:scripting/monoscript/fileName/ExtensionMethodInfos_Gen_Internal.cs: a415b2756e671b2643b93fafbf3010f1 -> 
  custom:scripting/monoscript/fileName/CSharpFileExporter.cs: d116687670494a351b271b7a8728a538 -> 
  custom:scripting/monoscript/fileName/FAQHelper.cs: e225fb449f9082b824715036e8a32a12 -> 
  custom:scripting/monoscript/fileName/PuertsNative.cs: 31d5428f137eeca027328a8b57357f9c -> 
  custom:container-muxer-webm: aa71ff27fc2769a1b78a27578f13a17b -> 
  custom:scripting/monoscript/fileName/BackendJs.cs: bb1b5d186e02070e77b6057e72faff82 -> 
  custom:scripting/monoscript/fileName/ObjectPool.cs: 103ebbd2b6e5f74b1b6d91febb00352a -> 
  custom:scripting/monoscript/fileName/ExpressionToCSharpVisitor.cs: a6c5a7084850ba51405ce6505b6f05ff -> 
  custom:video-decoder-webm-vp8: 9c59270c3fd7afecdb556c50c9e8de78 -> 
  custom:SearchIndexIgnoredProperties: e643bd26f0fe6173181afceb89e7c659 -> 
  custom:scripting/monoscript/fileName/Configure.cs: 98a56260bbb4bf3117facc60ad8f21b3 -> 
  custom:scripting/monoscript/fileName/NativeAPI.cs: e12a6ed10592e8f30367caeb8202632e -> 
  custom:AudioImporter_EditorPlatform: d09bf68614088b80899f8185d706f6e7 -> 
  custom:scripting/monoscript/fileName/Backend.cs: 73291730f3e5739f49810494885292ea -> 
  custom:scripting/monoscript/fileName/TypeExtensions.cs: 65bbde9f08d8cc2c2e1cf87c81892b9b -> dcfbda865fe8349225c494951670deb0
  custom:scripting/monoscript/fileName/TypeRegister.cs: 16b2e5dc78ac63bc0e45f8dfa0bd40fc -> 
  custom:scripting/monoscript/fileName/WSPPAddonNative.cs: 68dc1b7be139c8b552ea4e0fffc7726e -> 
  custom:scripting/monoscript/fileName/MarshalExtensions.cs: f0a7f5bdd13a1f9f5d78f93344afc951 -> 
  custom:scripting/monoscript/fileName/TypeUtils.cs: 8bfd4dabaeb1bdd3655a16670b53e363 -> 
  custom:scripting/monoscript/fileName/ExpressionsWrap.cs: 8d89c631021979e253cb0a6f22cb7857 -> 
  custom:scripting/precompiled-assembly-types:com.tencent.puerts.core.Editor: 58301de35153c8ad178c6bd0a404c25c -> 
  custom:scripting/monoscript/fileName/Loader.cs: 222946a706678b6fa7664e4336cdac03 -> 
  custom:scripting/monoscript/fileName/PuerTsTest.cs: d6a7022275bbab6274cfd0d91bcad2e3 -> 
  custom:video-encoder-webm-vp8: eb34c28f22e8b96e1ab97ce403110664 -> 
  custom:scripting/monoscript/fileName/BackendV8.cs: 53fc9d3d76a676c332980ee87d799c87 -> 
  custom:scripting/monoscript/fileName/DocResolver.cs: ca42b7550f81379b6c692d0df9857c92 -> 
  custom:audio-decoder-ogg-vorbis: bf7c407c2cedff20999df2af8eb42d56 -> 
  custom:scripting/monoscript/fileName/StaticWrapperGenerator.cs: dc9003bd692bccd269aaadf4f4e8462b -> 
  custom:scripting/monoscript/fileName/DTSUnityMenu.cs: 61e85cab5575c47d5930817fe529426b -> 
  custom:scripting/monoscript/fileName/MJSImporter.cs: f265803032731d4d36f0df8320ba98a0 -> 
  custom:scripting/precompiled-assembly-types:com.tencent.puerts.core: 132481c1f1fa8b0f3d77ba101d2de4c7 -> 
  custom:scripting/monoscript/fileName/DTS.cs: 2ed5669d552f8bf26af00de208eed94b -> 
  custom:scripting/monoscript/fileName/RegisterInfoManager.cs: 9a3f0f4b63d5db4cf5849d76aa907812 -> 
  custom:scripting/monoscript/fileName/RegisterInfo.cs: 8affb3491b4bf4d164eaeaf65153757b -> 
  custom:audio-encoder-webm-vorbis: bf7c407c2cedff20999df2af8eb42d56 -> 
  custom:scripting/monoscript/fileName/CJSImporter.cs: 82b681d124ffdea6bf5ddb00963634b8 -> 
  custom:scripting/monoscript/fileName/CSharpCodeGen.cs: fdca55e92a33ac171ea5cead1edcbf65 -> 
  custom:scripting/monoscript/fileName/PathHelper.cs: 140ba4e1ea47eceb686c6e54095c307a -> 
  custom:scripting/precompiled-assembly-types:Assembly-CSharp: bd2a91421d61a8676bce337512c6f3e9 -> 
  custom:scripting/monoscript/fileName/TypedValue.cs: 783cff2646c3be7749e47c99acb529ad -> 
  custom:scripting/precompiled-assembly-types:com.tencent.puerts.v8: 1ca93d3db160bb00336d8405e0116734 -> 
========================================================================
Received Prepare
Caller must complete domain reload
Begin MonoManager ReloadAssembly
- Loaded All Assemblies, in  0.363 seconds
Native extension for WindowsStandalone target not found
[Package Manager] Server::EnsureServerProcessIsRunning -- launch failed, reason: Unity was launched with the -noUpm command-line argument
[Package Manager] UpmClient::Send -- Unable to send message (not connected to UPM process).
[Package Manager] Cannot connect to Unity Package Manager local server
Mono: successfully reloaded assembly
- Finished resetting the current domain, in  0.696 seconds
Domain Reload Profiling: 1059ms
	BeginReloadAssembly (124ms)
		ExecutionOrderSort (0ms)
		DisableScriptedObjects (4ms)
		BackupInstance (0ms)
		ReleaseScriptingObjects (0ms)
		CreateAndSetChildDomain (29ms)
	RebuildCommonClasses (26ms)
	RebuildNativeTypeToScriptingClass (14ms)
	initialDomainReloadingComplete (24ms)
	LoadAllAssembliesAndSetupDomain (174ms)
		LoadAssemblies (228ms)
		RebuildTransferFunctionScriptingTraits (0ms)
		AnalyzeDomain (12ms)
			TypeCache.Refresh (6ms)
				TypeCache.ScanAssembly (0ms)
			ScanForSourceGeneratedMonoScriptInfo (0ms)
			ResolveRequiredComponents (4ms)
	FinalizeReload (697ms)
		ReleaseScriptCaches (0ms)
		RebuildScriptCaches (0ms)
		SetupLoadedEditorAssemblies (373ms)
			LogAssemblyErrors (0ms)
			InitializePlatformSupportModulesInManaged (5ms)
			SetLoadedEditorAssemblies (3ms)
			RefreshPlugins (0ms)
			BeforeProcessingInitializeOnLoad (65ms)
			ProcessInitializeOnLoadAttributes (280ms)
			ProcessInitializeOnLoadMethodAttributes (19ms)
			AfterProcessingInitializeOnLoad (1ms)
			EditorAssembliesLoaded (0ms)
		ExecutionOrderSort2 (0ms)
		AwakeInstancesAfterBackupRestoration (5ms)
Refreshing native plugins compatible for Editor in 4.18 ms, found 6 plugins.
Preloading 0 native plugins for Editor in 0.00 ms.
Unloading 3134 Unused Serialized files (Serialized files now loaded: 0)
Unloading 15 unused Assets / (29.1 KB). Loaded Objects now: 3627.
Memory consumption went from 118.3 MB to 118.3 MB.
Total: 2.336600 ms (FindLiveObjects: 0.233300 ms CreateObjectMapping: 0.117000 ms MarkObjects: 1.944300 ms  DeleteObjects: 0.040400 ms)

Prepare: number of updated asset objects reloaded= 0
AssetImportParameters requested are different than current active one (requested -> active):
  custom:scripting/monoscript/fileName/JsEnv.cs: 7e55a4ddbc227b83b06553d601d6de37 -> 
  custom:scripting/monoscript/fileName/UnityMenu.cs: b7b1412a41f8d3932e3dbf87d7da1252 -> 
  custom:scripting/monoscript/fileName/LuaImporter.cs: 785264d0a611aa32e0b3d3a2a709ed26 -> 
  custom:container-demuxer-ogg: 62fdf1f143b41e24485cea50d1cbac27 -> 
  custom:scripting/monoscript/fileName/StaticWrapperMenu.cs: f52b6082723446f1b502f6ad1ac9cb86 -> 
  custom:video-decoder-ogg-theora: a1e56fd34408186e4bbccfd4996cb3dc -> 
  custom:framework-win-MediaFoundation: 216162199b28c13a410421893ffa2e32 -> 
  custom:scripting/precompiled-assembly-types:com.tencent.puerts.v8.Editor: c9cc3e46aa7fc752d86483dbd904a801 -> 
  custom:scripting/monoscript/fileName/ArrayBuffer.cs: 2bd2954853bbf31284a7e62a2b42fb0c -> 
  custom:scripting/monoscript/fileName/Utils.cs: dfcab60272f80959421cf8bc67e7aa04 -> 40c528c300bfc0733192292a788cb076
  custom:scripting/monoscript/fileName/PapiV8Native.cs: aa45fcf9c195f6d4a0c32c36afd055c3 -> 
  custom:scripting/monoscript/fileName/GenerateChecker.cs: 84e6a68c51dd1cc8cb5f1afa22d52f6b -> 
  custom:CustomObjectIndexerAttribute: 9a22284fe3817be447336de3de66b15e -> 
  custom:container-demuxer-webm: 4f35f7cbe854078d1ac9338744f61a02 -> 
  custom:scripting/monoscript/fileName/ScriptEnv.cs: dfb3df5d3df1c4d1ec817b61ace68b5d -> 
  custom:scripting/monoscript/fileName/PuerTSTest.cs: 03bcd7c39b979757bb05d244810c1a25 -> 
  custom:scripting/monoscript/fileName/InstructionsFilter.cs: 92e58ef2d44c90485c94a741ce16d338 -> 
  custom:scripting/monoscript/fileName/ArrayExtension.cs: 41bbf97a80a3e18d8b6d787250a4862c -> 
  custom:scripting/monoscript/fileName/PuertsDLL.cs: 215e1564daf0f0b3f8a46bdf29f26058 -> 
  custom:scripting/monoscript/fileName/ScriptObject.cs: 13455a8c32197075bc7e6cf0f0a25a0a -> 
  custom:scripting/precompiled-assembly-types:Mono.Reflection: 6e5d7b01e7549cdfc60f5b299ea95645 -> 
  custom:scripting/monoscript/fileName/U2018Compatible.cs: 468e4c60ac8883c1601ad59c096c3979 -> 
  custom:scripting/monoscript/fileName/ExtensionMethodInfos_Gen_Internal.cs: a415b2756e671b2643b93fafbf3010f1 -> 
  custom:scripting/monoscript/fileName/CSharpFileExporter.cs: d116687670494a351b271b7a8728a538 -> 
  custom:scripting/monoscript/fileName/FAQHelper.cs: e225fb449f9082b824715036e8a32a12 -> 
  custom:scripting/monoscript/fileName/PuertsNative.cs: 31d5428f137eeca027328a8b57357f9c -> 
  custom:container-muxer-webm: aa71ff27fc2769a1b78a27578f13a17b -> 
  custom:scripting/monoscript/fileName/BackendJs.cs: bb1b5d186e02070e77b6057e72faff82 -> 
  custom:scripting/monoscript/fileName/ObjectPool.cs: 103ebbd2b6e5f74b1b6d91febb00352a -> 
  custom:scripting/monoscript/fileName/ExpressionToCSharpVisitor.cs: a6c5a7084850ba51405ce6505b6f05ff -> 
  custom:video-decoder-webm-vp8: 9c59270c3fd7afecdb556c50c9e8de78 -> 
  custom:SearchIndexIgnoredProperties: e643bd26f0fe6173181afceb89e7c659 -> 
  custom:scripting/monoscript/fileName/Configure.cs: 98a56260bbb4bf3117facc60ad8f21b3 -> 
  custom:scripting/monoscript/fileName/NativeAPI.cs: e12a6ed10592e8f30367caeb8202632e -> 
  custom:AudioImporter_EditorPlatform: d09bf68614088b80899f8185d706f6e7 -> 
  custom:scripting/monoscript/fileName/Backend.cs: 73291730f3e5739f49810494885292ea -> 
  custom:scripting/monoscript/fileName/TypeExtensions.cs: 65bbde9f08d8cc2c2e1cf87c81892b9b -> dcfbda865fe8349225c494951670deb0
  custom:scripting/monoscript/fileName/TypeRegister.cs: 16b2e5dc78ac63bc0e45f8dfa0bd40fc -> 
  custom:scripting/monoscript/fileName/WSPPAddonNative.cs: 68dc1b7be139c8b552ea4e0fffc7726e -> 
  custom:scripting/monoscript/fileName/MarshalExtensions.cs: f0a7f5bdd13a1f9f5d78f93344afc951 -> 
  custom:scripting/monoscript/fileName/TypeUtils.cs: 8bfd4dabaeb1bdd3655a16670b53e363 -> 
  custom:scripting/monoscript/fileName/ExpressionsWrap.cs: 8d89c631021979e253cb0a6f22cb7857 -> 
  custom:scripting/precompiled-assembly-types:com.tencent.puerts.core.Editor: 58301de35153c8ad178c6bd0a404c25c -> 
  custom:scripting/monoscript/fileName/Loader.cs: 222946a706678b6fa7664e4336cdac03 -> 
  custom:scripting/monoscript/fileName/PuerTsTest.cs: d6a7022275bbab6274cfd0d91bcad2e3 -> 
  custom:video-encoder-webm-vp8: eb34c28f22e8b96e1ab97ce403110664 -> 
  custom:scripting/monoscript/fileName/BackendV8.cs: 53fc9d3d76a676c332980ee87d799c87 -> 
  custom:scripting/monoscript/fileName/DocResolver.cs: ca42b7550f81379b6c692d0df9857c92 -> 
  custom:audio-decoder-ogg-vorbis: bf7c407c2cedff20999df2af8eb42d56 -> 
  custom:scripting/monoscript/fileName/StaticWrapperGenerator.cs: dc9003bd692bccd269aaadf4f4e8462b -> 
  custom:scripting/monoscript/fileName/DTSUnityMenu.cs: 61e85cab5575c47d5930817fe529426b -> 
  custom:scripting/monoscript/fileName/MJSImporter.cs: f265803032731d4d36f0df8320ba98a0 -> 
  custom:scripting/precompiled-assembly-types:com.tencent.puerts.core: 132481c1f1fa8b0f3d77ba101d2de4c7 -> 
  custom:scripting/monoscript/fileName/DTS.cs: 2ed5669d552f8bf26af00de208eed94b -> 
  custom:scripting/monoscript/fileName/RegisterInfoManager.cs: 9a3f0f4b63d5db4cf5849d76aa907812 -> 
  custom:scripting/monoscript/fileName/RegisterInfo.cs: 8affb3491b4bf4d164eaeaf65153757b -> 
  custom:audio-encoder-webm-vorbis: bf7c407c2cedff20999df2af8eb42d56 -> 
  custom:scripting/monoscript/fileName/CJSImporter.cs: 82b681d124ffdea6bf5ddb00963634b8 -> 
  custom:scripting/monoscript/fileName/CSharpCodeGen.cs: fdca55e92a33ac171ea5cead1edcbf65 -> 
  custom:scripting/monoscript/fileName/PathHelper.cs: 140ba4e1ea47eceb686c6e54095c307a -> 
  custom:scripting/precompiled-assembly-types:Assembly-CSharp: bd2a91421d61a8676bce337512c6f3e9 -> 
  custom:scripting/monoscript/fileName/TypedValue.cs: 783cff2646c3be7749e47c99acb529ad -> 
  custom:scripting/precompiled-assembly-types:com.tencent.puerts.v8: 1ca93d3db160bb00336d8405e0116734 -> 
========================================================================
Received Prepare
Caller must complete domain reload
Begin MonoManager ReloadAssembly
- Loaded All Assemblies, in  0.371 seconds
Native extension for WindowsStandalone target not found
[Package Manager] Server::EnsureServerProcessIsRunning -- launch failed, reason: Unity was launched with the -noUpm command-line argument
[Package Manager] UpmClient::Send -- Unable to send message (not connected to UPM process).
[Package Manager] Cannot connect to Unity Package Manager local server
Mono: successfully reloaded assembly
- Finished resetting the current domain, in  0.723 seconds
Domain Reload Profiling: 1094ms
	BeginReloadAssembly (127ms)
		ExecutionOrderSort (0ms)
		DisableScriptedObjects (5ms)
		BackupInstance (0ms)
		ReleaseScriptingObjects (0ms)
		CreateAndSetChildDomain (24ms)
	RebuildCommonClasses (27ms)
	RebuildNativeTypeToScriptingClass (10ms)
	initialDomainReloadingComplete (20ms)
	LoadAllAssembliesAndSetupDomain (187ms)
		LoadAssemblies (235ms)
		RebuildTransferFunctionScriptingTraits (0ms)
		AnalyzeDomain (19ms)
			TypeCache.Refresh (8ms)
				TypeCache.ScanAssembly (0ms)
			ScanForSourceGeneratedMonoScriptInfo (5ms)
			ResolveRequiredComponents (4ms)
	FinalizeReload (723ms)
		ReleaseScriptCaches (0ms)
		RebuildScriptCaches (0ms)
		SetupLoadedEditorAssemblies (398ms)
			LogAssemblyErrors (0ms)
			InitializePlatformSupportModulesInManaged (5ms)
			SetLoadedEditorAssemblies (3ms)
			RefreshPlugins (0ms)
			BeforeProcessingInitializeOnLoad (75ms)
			ProcessInitializeOnLoadAttributes (294ms)
			ProcessInitializeOnLoadMethodAttributes (19ms)
			AfterProcessingInitializeOnLoad (2ms)
			EditorAssembliesLoaded (0ms)
		ExecutionOrderSort2 (0ms)
		AwakeInstancesAfterBackupRestoration (5ms)
Refreshing native plugins compatible for Editor in 5.04 ms, found 6 plugins.
Preloading 0 native plugins for Editor in 0.00 ms.
Unloading 3134 Unused Serialized files (Serialized files now loaded: 0)
Unloading 15 unused Assets / (29.0 KB). Loaded Objects now: 3630.
Memory consumption went from 118.3 MB to 118.3 MB.
Total: 2.344800 ms (FindLiveObjects: 0.210900 ms CreateObjectMapping: 0.121500 ms MarkObjects: 1.963000 ms  DeleteObjects: 0.048100 ms)

Prepare: number of updated asset objects reloaded= 0
AssetImportParameters requested are different than current active one (requested -> active):
  custom:scripting/monoscript/fileName/JsEnv.cs: 7e55a4ddbc227b83b06553d601d6de37 -> 
  custom:scripting/monoscript/fileName/UnityMenu.cs: b7b1412a41f8d3932e3dbf87d7da1252 -> 
  custom:scripting/monoscript/fileName/LuaImporter.cs: 785264d0a611aa32e0b3d3a2a709ed26 -> 
  custom:container-demuxer-ogg: 62fdf1f143b41e24485cea50d1cbac27 -> 
  custom:scripting/monoscript/fileName/StaticWrapperMenu.cs: f52b6082723446f1b502f6ad1ac9cb86 -> 
  custom:video-decoder-ogg-theora: a1e56fd34408186e4bbccfd4996cb3dc -> 
  custom:framework-win-MediaFoundation: 216162199b28c13a410421893ffa2e32 -> 
  custom:scripting/precompiled-assembly-types:com.tencent.puerts.v8.Editor: c9cc3e46aa7fc752d86483dbd904a801 -> 
  custom:scripting/monoscript/fileName/ArrayBuffer.cs: 2bd2954853bbf31284a7e62a2b42fb0c -> 
  custom:scripting/monoscript/fileName/Utils.cs: dfcab60272f80959421cf8bc67e7aa04 -> 40c528c300bfc0733192292a788cb076
  custom:scripting/monoscript/fileName/PapiV8Native.cs: aa45fcf9c195f6d4a0c32c36afd055c3 -> 
  custom:scripting/monoscript/fileName/GenerateChecker.cs: 84e6a68c51dd1cc8cb5f1afa22d52f6b -> 
  custom:CustomObjectIndexerAttribute: 9a22284fe3817be447336de3de66b15e -> 
  custom:container-demuxer-webm: 4f35f7cbe854078d1ac9338744f61a02 -> 
  custom:scripting/monoscript/fileName/ScriptEnv.cs: dfb3df5d3df1c4d1ec817b61ace68b5d -> 
  custom:scripting/monoscript/fileName/PuerTSTest.cs: 03bcd7c39b979757bb05d244810c1a25 -> 
  custom:scripting/monoscript/fileName/InstructionsFilter.cs: 92e58ef2d44c90485c94a741ce16d338 -> 
  custom:scripting/monoscript/fileName/ArrayExtension.cs: 41bbf97a80a3e18d8b6d787250a4862c -> 
  custom:scripting/monoscript/fileName/PuertsDLL.cs: 215e1564daf0f0b3f8a46bdf29f26058 -> 
  custom:scripting/monoscript/fileName/ScriptObject.cs: 13455a8c32197075bc7e6cf0f0a25a0a -> 
  custom:scripting/precompiled-assembly-types:Mono.Reflection: 6e5d7b01e7549cdfc60f5b299ea95645 -> 
  custom:scripting/monoscript/fileName/U2018Compatible.cs: 468e4c60ac8883c1601ad59c096c3979 -> 
  custom:scripting/monoscript/fileName/ExtensionMethodInfos_Gen_Internal.cs: a415b2756e671b2643b93fafbf3010f1 -> 
  custom:scripting/monoscript/fileName/CSharpFileExporter.cs: d116687670494a351b271b7a8728a538 -> 
  custom:scripting/monoscript/fileName/FAQHelper.cs: e225fb449f9082b824715036e8a32a12 -> 
  custom:scripting/monoscript/fileName/PuertsNative.cs: 31d5428f137eeca027328a8b57357f9c -> 
  custom:container-muxer-webm: aa71ff27fc2769a1b78a27578f13a17b -> 
  custom:scripting/monoscript/fileName/BackendJs.cs: bb1b5d186e02070e77b6057e72faff82 -> 
  custom:scripting/monoscript/fileName/ObjectPool.cs: 103ebbd2b6e5f74b1b6d91febb00352a -> 
  custom:scripting/monoscript/fileName/ExpressionToCSharpVisitor.cs: a6c5a7084850ba51405ce6505b6f05ff -> 
  custom:video-decoder-webm-vp8: 9c59270c3fd7afecdb556c50c9e8de78 -> 
  custom:SearchIndexIgnoredProperties: e643bd26f0fe6173181afceb89e7c659 -> 
  custom:scripting/monoscript/fileName/Configure.cs: 98a56260bbb4bf3117facc60ad8f21b3 -> 
  custom:scripting/monoscript/fileName/NativeAPI.cs: e12a6ed10592e8f30367caeb8202632e -> 
  custom:AudioImporter_EditorPlatform: d09bf68614088b80899f8185d706f6e7 -> 
  custom:scripting/monoscript/fileName/Backend.cs: 73291730f3e5739f49810494885292ea -> 
  custom:scripting/monoscript/fileName/TypeExtensions.cs: 65bbde9f08d8cc2c2e1cf87c81892b9b -> dcfbda865fe8349225c494951670deb0
  custom:scripting/monoscript/fileName/TypeRegister.cs: 16b2e5dc78ac63bc0e45f8dfa0bd40fc -> 
  custom:scripting/monoscript/fileName/WSPPAddonNative.cs: 68dc1b7be139c8b552ea4e0fffc7726e -> 
  custom:scripting/monoscript/fileName/MarshalExtensions.cs: f0a7f5bdd13a1f9f5d78f93344afc951 -> 
  custom:scripting/monoscript/fileName/TypeUtils.cs: 8bfd4dabaeb1bdd3655a16670b53e363 -> 
  custom:scripting/monoscript/fileName/ExpressionsWrap.cs: 8d89c631021979e253cb0a6f22cb7857 -> 
  custom:scripting/precompiled-assembly-types:com.tencent.puerts.core.Editor: 58301de35153c8ad178c6bd0a404c25c -> 
  custom:scripting/monoscript/fileName/Loader.cs: 222946a706678b6fa7664e4336cdac03 -> 
  custom:scripting/monoscript/fileName/PuerTsTest.cs: d6a7022275bbab6274cfd0d91bcad2e3 -> 
  custom:video-encoder-webm-vp8: eb34c28f22e8b96e1ab97ce403110664 -> 
  custom:scripting/monoscript/fileName/BackendV8.cs: 53fc9d3d76a676c332980ee87d799c87 -> 
  custom:scripting/monoscript/fileName/DocResolver.cs: ca42b7550f81379b6c692d0df9857c92 -> 
  custom:audio-decoder-ogg-vorbis: bf7c407c2cedff20999df2af8eb42d56 -> 
  custom:scripting/monoscript/fileName/StaticWrapperGenerator.cs: dc9003bd692bccd269aaadf4f4e8462b -> 
  custom:scripting/monoscript/fileName/DTSUnityMenu.cs: 61e85cab5575c47d5930817fe529426b -> 
  custom:scripting/monoscript/fileName/MJSImporter.cs: f265803032731d4d36f0df8320ba98a0 -> 
  custom:scripting/precompiled-assembly-types:com.tencent.puerts.core: 132481c1f1fa8b0f3d77ba101d2de4c7 -> 
  custom:scripting/monoscript/fileName/DTS.cs: 2ed5669d552f8bf26af00de208eed94b -> 
  custom:scripting/monoscript/fileName/RegisterInfoManager.cs: 9a3f0f4b63d5db4cf5849d76aa907812 -> 
  custom:scripting/monoscript/fileName/RegisterInfo.cs: 8affb3491b4bf4d164eaeaf65153757b -> 
  custom:audio-encoder-webm-vorbis: bf7c407c2cedff20999df2af8eb42d56 -> 
  custom:scripting/monoscript/fileName/CJSImporter.cs: 82b681d124ffdea6bf5ddb00963634b8 -> 
  custom:scripting/monoscript/fileName/CSharpCodeGen.cs: fdca55e92a33ac171ea5cead1edcbf65 -> 
  custom:scripting/monoscript/fileName/PathHelper.cs: 140ba4e1ea47eceb686c6e54095c307a -> 
  custom:scripting/precompiled-assembly-types:Assembly-CSharp: bd2a91421d61a8676bce337512c6f3e9 -> 
  custom:scripting/monoscript/fileName/TypedValue.cs: 783cff2646c3be7749e47c99acb529ad -> 
  custom:scripting/precompiled-assembly-types:com.tencent.puerts.v8: 1ca93d3db160bb00336d8405e0116734 -> 
========================================================================
Received Import Request.
  Time since last request: 1715.179708 seconds.
  path: Assets/Script/core
  artifactKey: Guid(1b19b1704e9d6d042b29088466e0ace6) Importer(815301076,1909f56bfc062723c751e8b465ee728b)
Start importing Assets/Script/core using Guid(1b19b1704e9d6d042b29088466e0ace6) Importer(815301076,1909f56bfc062723c751e8b465ee728b) [PhysX] Initialized MultithreadedTaskDispatcher with 12 workers.
 -> (artifact id: 'c9bb8928bac1b4840cb7c8eabfebbfcb') in 0.002896 seconds
Number of updated asset objects reloaded before import = 0
Number of asset objects unloaded after import = 0
========================================================================
Received Import Request.
  Time since last request: 0.780336 seconds.
  path: Assets/Script/v8
  artifactKey: Guid(c4033c3d577689240bfcc5ec1a36d817) Importer(815301076,1909f56bfc062723c751e8b465ee728b)
Start importing Assets/Script/v8 using Guid(c4033c3d577689240bfcc5ec1a36d817) Importer(815301076,1909f56bfc062723c751e8b465ee728b) [PhysX] Initialized MultithreadedTaskDispatcher with 12 workers.
 -> (artifact id: '56cbc9f84283d6c4caa3de85acddb897') in 0.000610 seconds
Number of updated asset objects reloaded before import = 0
Number of asset objects unloaded after import = 0
========================================================================
Received Import Request.
  Time since last request: 9.557716 seconds.
  path: Assets/Package
  artifactKey: Guid(9988d49aa47833441a1adb2b61589161) Importer(815301076,1909f56bfc062723c751e8b465ee728b)
Start importing Assets/Package using Guid(9988d49aa47833441a1adb2b61589161) Importer(815301076,1909f56bfc062723c751e8b465ee728b) [PhysX] Initialized MultithreadedTaskDispatcher with 12 workers.
 -> (artifact id: '10a27f5ff0e00064da351f7fb5329934') in 0.000406 seconds
Number of updated asset objects reloaded before import = 0
Number of asset objects unloaded after import = 0
========================================================================
Received Import Request.
  Time since last request: 1.815746 seconds.
  path: Assets/Package/core
  artifactKey: Guid(f876afad28620714cb9032ea0d3ddb4e) Importer(815301076,1909f56bfc062723c751e8b465ee728b)
Start importing Assets/Package/core using Guid(f876afad28620714cb9032ea0d3ddb4e) Importer(815301076,1909f56bfc062723c751e8b465ee728b) [PhysX] Initialized MultithreadedTaskDispatcher with 12 workers.
 -> (artifact id: '7e0fd544eb505fc5fba9aae5c5014a9b') in 0.000439 seconds
Number of updated asset objects reloaded before import = 0
Number of asset objects unloaded after import = 0
========================================================================
Received Import Request.
  Time since last request: 2.383877 seconds.
  path: Assets/Package/core/package.json
  artifactKey: Guid(f15e7b8067eb6a24482b4db6fd3f93c3) Importer(815301076,1909f56bfc062723c751e8b465ee728b)
Start importing Assets/Package/core/package.json using Guid(f15e7b8067eb6a24482b4db6fd3f93c3) Importer(815301076,1909f56bfc062723c751e8b465ee728b) [PhysX] Initialized MultithreadedTaskDispatcher with 12 workers.
 -> (artifact id: '85ab5d53436506b60469da8023a03c02') in 0.010434 seconds
Number of updated asset objects reloaded before import = 0
Number of asset objects unloaded after import = 1
========================================================================
Received Import Request.
  Time since last request: 1.304979 seconds.
  path: Assets/Package/core/LICENSE
  artifactKey: Guid(708406cb5ca67f744a10e12566eb0899) Importer(815301076,1909f56bfc062723c751e8b465ee728b)
Start importing Assets/Package/core/LICENSE using Guid(708406cb5ca67f744a10e12566eb0899) Importer(815301076,1909f56bfc062723c751e8b465ee728b) [PhysX] Initialized MultithreadedTaskDispatcher with 12 workers.
 -> (artifact id: '602a75fc9eeb4ab23f8ac8035750b821') in 0.000847 seconds
Number of updated asset objects reloaded before import = 0
Number of asset objects unloaded after import = 1
========================================================================
Received Import Request.
  Time since last request: 1.716312 seconds.
  path: Assets/Package/core/Typing
  artifactKey: Guid(a81172523289f1f488e62a0a23b05c4b) Importer(815301076,1909f56bfc062723c751e8b465ee728b)
Start importing Assets/Package/core/Typing using Guid(a81172523289f1f488e62a0a23b05c4b) Importer(815301076,1909f56bfc062723c751e8b465ee728b) [PhysX] Initialized MultithreadedTaskDispatcher with 12 workers.
 -> (artifact id: 'dad6cdf0a383509f0c36d67f7c172715') in 0.000595 seconds
Number of updated asset objects reloaded before import = 0
Number of asset objects unloaded after import = 0
========================================================================
Received Import Request.
  Time since last request: 2.081067 seconds.
  path: Assets/Package/core/Typing/puerts
  artifactKey: Guid(174f1cdb4eea47b4ebfc4cfd93eb4908) Importer(815301076,1909f56bfc062723c751e8b465ee728b)
Start importing Assets/Package/core/Typing/puerts using Guid(174f1cdb4eea47b4ebfc4cfd93eb4908) Importer(815301076,1909f56bfc062723c751e8b465ee728b) [PhysX] Initialized MultithreadedTaskDispatcher with 12 workers.
 -> (artifact id: 'cd2f2d38dbe715c8a94a12d90c4d21d1') in 0.000458 seconds
Number of updated asset objects reloaded before import = 0
Number of asset objects unloaded after import = 0
========================================================================
Received Import Request.
  Time since last request: 0.998489 seconds.
  path: Assets/Package/core/Typing/puerts/index.d.ts
  artifactKey: Guid(f6e846e130cdc7547878f318679a91d9) Importer(815301076,1909f56bfc062723c751e8b465ee728b)
Start importing Assets/Package/core/Typing/puerts/index.d.ts using Guid(f6e846e130cdc7547878f318679a91d9) Importer(815301076,1909f56bfc062723c751e8b465ee728b) [PhysX] Initialized MultithreadedTaskDispatcher with 12 workers.
 -> (artifact id: 'c02278ff2db0e56960ad8d1caff91984') in 0.000687 seconds
Number of updated asset objects reloaded before import = 0
Number of asset objects unloaded after import = 1
========================================================================
Received Import Request.
  Time since last request: 4.948784 seconds.
  path: Assets/Package/core/Runtime
  artifactKey: Guid(3eb3e10c85683104f87557c5866fc1da) Importer(815301076,1909f56bfc062723c751e8b465ee728b)
Start importing Assets/Package/core/Runtime using Guid(3eb3e10c85683104f87557c5866fc1da) Importer(815301076,1909f56bfc062723c751e8b465ee728b) [PhysX] Initialized MultithreadedTaskDispatcher with 12 workers.
 -> (artifact id: 'bbddca35f7b4debf0434b723ae9467b4') in 0.000552 seconds
Number of updated asset objects reloaded before import = 0
Number of asset objects unloaded after import = 0
========================================================================
Received Import Request.
  Time since last request: 1.615464 seconds.
  path: Assets/Package/core/Runtime/com.tencent.puerts.core.asmdef
  artifactKey: Guid(961d4283febf37d46b42cd3ca12af3aa) Importer(815301076,1909f56bfc062723c751e8b465ee728b)
Start importing Assets/Package/core/Runtime/com.tencent.puerts.core.asmdef using Guid(961d4283febf37d46b42cd3ca12af3aa) Importer(815301076,1909f56bfc062723c751e8b465ee728b) [PhysX] Initialized MultithreadedTaskDispatcher with 12 workers.
 -> (artifact id: '621d6f64ec0d0b26e3561d323f150ba8') in 0.000436 seconds
Number of updated asset objects reloaded before import = 0
Number of asset objects unloaded after import = 0
========================================================================
Received Import Request.
  Time since last request: 14.464183 seconds.
  path: Assets/Package/core/Runtime/Resources
  artifactKey: Guid(ee69e3fe782ffe44cab3371df09a47d9) Importer(815301076,1909f56bfc062723c751e8b465ee728b)
Start importing Assets/Package/core/Runtime/Resources using Guid(ee69e3fe782ffe44cab3371df09a47d9) Importer(815301076,1909f56bfc062723c751e8b465ee728b) [PhysX] Initialized MultithreadedTaskDispatcher with 12 workers.
 -> (artifact id: '567da3969ca00d6a17df59e0f36706fa') in 0.000433 seconds
Number of updated asset objects reloaded before import = 0
Number of asset objects unloaded after import = 0
========================================================================
Received Import Request.
  Time since last request: 0.866220 seconds.
  path: Assets/Package/core/Runtime/Resources/puerts
  artifactKey: Guid(5f988baea526c9e4bb7eadaae1ad0f95) Importer(815301076,1909f56bfc062723c751e8b465ee728b)
Start importing Assets/Package/core/Runtime/Resources/puerts using Guid(5f988baea526c9e4bb7eadaae1ad0f95) Importer(815301076,1909f56bfc062723c751e8b465ee728b) [PhysX] Initialized MultithreadedTaskDispatcher with 12 workers.
 -> (artifact id: 'ea88a141292b521f15a066aa11158315') in 0.000437 seconds
Number of updated asset objects reloaded before import = 0
Number of asset objects unloaded after import = 0
========================================================================
Received Prepare
Caller must complete domain reload
Begin MonoManager ReloadAssembly
- Loaded All Assemblies, in  0.359 seconds
Native extension for WindowsStandalone target not found
[Package Manager] Server::EnsureServerProcessIsRunning -- launch failed, reason: Unity was launched with the -noUpm command-line argument
[Package Manager] UpmClient::Send -- Unable to send message (not connected to UPM process).
[Package Manager] Cannot connect to Unity Package Manager local server
Mono: successfully reloaded assembly
- Finished resetting the current domain, in  0.730 seconds
Domain Reload Profiling: 1090ms
	BeginReloadAssembly (128ms)
		ExecutionOrderSort (0ms)
		DisableScriptedObjects (5ms)
		BackupInstance (0ms)
		ReleaseScriptingObjects (0ms)
		CreateAndSetChildDomain (30ms)
	RebuildCommonClasses (26ms)
	RebuildNativeTypeToScriptingClass (9ms)
	initialDomainReloadingComplete (26ms)
	LoadAllAssembliesAndSetupDomain (170ms)
		LoadAssemblies (218ms)
		RebuildTransferFunctionScriptingTraits (0ms)
		AnalyzeDomain (18ms)
			TypeCache.Refresh (6ms)
				TypeCache.ScanAssembly (0ms)
			ScanForSourceGeneratedMonoScriptInfo (6ms)
			ResolveRequiredComponents (4ms)
	FinalizeReload (731ms)
		ReleaseScriptCaches (0ms)
		RebuildScriptCaches (0ms)
		SetupLoadedEditorAssemblies (378ms)
			LogAssemblyErrors (0ms)
			InitializePlatformSupportModulesInManaged (4ms)
			SetLoadedEditorAssemblies (3ms)
			RefreshPlugins (0ms)
			BeforeProcessingInitializeOnLoad (74ms)
			ProcessInitializeOnLoadAttributes (277ms)
			ProcessInitializeOnLoadMethodAttributes (18ms)
			AfterProcessingInitializeOnLoad (2ms)
			EditorAssembliesLoaded (0ms)
		ExecutionOrderSort2 (0ms)
		AwakeInstancesAfterBackupRestoration (6ms)
Refreshing native plugins compatible for Editor in 4.30 ms, found 6 plugins.
Preloading 0 native plugins for Editor in 0.00 ms.
Unloading 3133 Unused Serialized files (Serialized files now loaded: 0)
Unloading 15 unused Assets / (29.1 KB). Loaded Objects now: 3634.
Memory consumption went from 118.1 MB to 118.1 MB.
Total: 2.348000 ms (FindLiveObjects: 0.245900 ms CreateObjectMapping: 0.114700 ms MarkObjects: 1.945800 ms  DeleteObjects: 0.040000 ms)

Prepare: number of updated asset objects reloaded= 0
AssetImportParameters requested are different than current active one (requested -> active):
  custom:scripting/monoscript/fileName/JsEnv.cs: 7e55a4ddbc227b83b06553d601d6de37 -> 
  custom:scripting/monoscript/fileName/UnityMenu.cs: b7b1412a41f8d3932e3dbf87d7da1252 -> 
  custom:scripting/monoscript/fileName/LuaImporter.cs: 785264d0a611aa32e0b3d3a2a709ed26 -> 
  custom:container-demuxer-ogg: 62fdf1f143b41e24485cea50d1cbac27 -> 
  custom:scripting/monoscript/fileName/StaticWrapperMenu.cs: f52b6082723446f1b502f6ad1ac9cb86 -> 
  custom:video-decoder-ogg-theora: a1e56fd34408186e4bbccfd4996cb3dc -> 
  custom:framework-win-MediaFoundation: 216162199b28c13a410421893ffa2e32 -> 
  custom:scripting/precompiled-assembly-types:com.tencent.puerts.v8.Editor: c9cc3e46aa7fc752d86483dbd904a801 -> 
  custom:scripting/monoscript/fileName/ArrayBuffer.cs: 2bd2954853bbf31284a7e62a2b42fb0c -> 
  custom:scripting/monoscript/fileName/Utils.cs: dfcab60272f80959421cf8bc67e7aa04 -> 40c528c300bfc0733192292a788cb076
  custom:scripting/monoscript/fileName/PapiV8Native.cs: aa45fcf9c195f6d4a0c32c36afd055c3 -> 
  custom:scripting/monoscript/fileName/GenerateChecker.cs: 84e6a68c51dd1cc8cb5f1afa22d52f6b -> 
  custom:CustomObjectIndexerAttribute: 9a22284fe3817be447336de3de66b15e -> 
  custom:container-demuxer-webm: 4f35f7cbe854078d1ac9338744f61a02 -> 
  custom:scripting/monoscript/fileName/ScriptEnv.cs: dfb3df5d3df1c4d1ec817b61ace68b5d -> 
  custom:scripting/monoscript/fileName/PuerTSTest.cs: 03bcd7c39b979757bb05d244810c1a25 -> 
  custom:scripting/monoscript/fileName/InstructionsFilter.cs: 92e58ef2d44c90485c94a741ce16d338 -> 
  custom:scripting/monoscript/fileName/ArrayExtension.cs: 41bbf97a80a3e18d8b6d787250a4862c -> 
  custom:scripting/monoscript/fileName/PuertsDLL.cs: 215e1564daf0f0b3f8a46bdf29f26058 -> 
  custom:scripting/monoscript/fileName/ScriptObject.cs: 13455a8c32197075bc7e6cf0f0a25a0a -> 
  custom:scripting/precompiled-assembly-types:Mono.Reflection: 6e5d7b01e7549cdfc60f5b299ea95645 -> 
  custom:scripting/monoscript/fileName/U2018Compatible.cs: 468e4c60ac8883c1601ad59c096c3979 -> 
  custom:scripting/monoscript/fileName/ExtensionMethodInfos_Gen_Internal.cs: a415b2756e671b2643b93fafbf3010f1 -> 
  custom:scripting/monoscript/fileName/CSharpFileExporter.cs: d116687670494a351b271b7a8728a538 -> 
  custom:scripting/monoscript/fileName/FAQHelper.cs: e225fb449f9082b824715036e8a32a12 -> 
  custom:scripting/monoscript/fileName/PuertsNative.cs: 31d5428f137eeca027328a8b57357f9c -> 
  custom:container-muxer-webm: aa71ff27fc2769a1b78a27578f13a17b -> 
  custom:scripting/monoscript/fileName/BackendJs.cs: bb1b5d186e02070e77b6057e72faff82 -> 
  custom:scripting/monoscript/fileName/ObjectPool.cs: 103ebbd2b6e5f74b1b6d91febb00352a -> 
  custom:scripting/monoscript/fileName/ExpressionToCSharpVisitor.cs: a6c5a7084850ba51405ce6505b6f05ff -> 
  custom:video-decoder-webm-vp8: 9c59270c3fd7afecdb556c50c9e8de78 -> 
  custom:SearchIndexIgnoredProperties: e643bd26f0fe6173181afceb89e7c659 -> 
  custom:scripting/monoscript/fileName/Configure.cs: 98a56260bbb4bf3117facc60ad8f21b3 -> 
  custom:scripting/monoscript/fileName/NativeAPI.cs: e12a6ed10592e8f30367caeb8202632e -> 
  custom:AudioImporter_EditorPlatform: d09bf68614088b80899f8185d706f6e7 -> 
  custom:scripting/monoscript/fileName/Backend.cs: 73291730f3e5739f49810494885292ea -> 
  custom:scripting/monoscript/fileName/TypeExtensions.cs: 65bbde9f08d8cc2c2e1cf87c81892b9b -> dcfbda865fe8349225c494951670deb0
  custom:scripting/monoscript/fileName/TypeRegister.cs: 16b2e5dc78ac63bc0e45f8dfa0bd40fc -> 
  custom:scripting/monoscript/fileName/WSPPAddonNative.cs: 68dc1b7be139c8b552ea4e0fffc7726e -> 
  custom:scripting/monoscript/fileName/MarshalExtensions.cs: f0a7f5bdd13a1f9f5d78f93344afc951 -> 
  custom:scripting/monoscript/fileName/TypeUtils.cs: 8bfd4dabaeb1bdd3655a16670b53e363 -> 
  custom:scripting/monoscript/fileName/ExpressionsWrap.cs: 8d89c631021979e253cb0a6f22cb7857 -> 
  custom:scripting/precompiled-assembly-types:com.tencent.puerts.core.Editor: 58301de35153c8ad178c6bd0a404c25c -> 
  custom:scripting/monoscript/fileName/Loader.cs: 222946a706678b6fa7664e4336cdac03 -> 
  custom:scripting/monoscript/fileName/PuerTsTest.cs: d6a7022275bbab6274cfd0d91bcad2e3 -> 
  custom:video-encoder-webm-vp8: eb34c28f22e8b96e1ab97ce403110664 -> 
  custom:scripting/monoscript/fileName/BackendV8.cs: 53fc9d3d76a676c332980ee87d799c87 -> 
  custom:scripting/monoscript/fileName/DocResolver.cs: ca42b7550f81379b6c692d0df9857c92 -> 
  custom:audio-decoder-ogg-vorbis: bf7c407c2cedff20999df2af8eb42d56 -> 
  custom:scripting/monoscript/fileName/StaticWrapperGenerator.cs: dc9003bd692bccd269aaadf4f4e8462b -> 
  custom:scripting/monoscript/fileName/DTSUnityMenu.cs: 61e85cab5575c47d5930817fe529426b -> 
  custom:scripting/monoscript/fileName/MJSImporter.cs: f265803032731d4d36f0df8320ba98a0 -> 
  custom:scripting/precompiled-assembly-types:com.tencent.puerts.core: 132481c1f1fa8b0f3d77ba101d2de4c7 -> 
  custom:scripting/monoscript/fileName/DTS.cs: 2ed5669d552f8bf26af00de208eed94b -> 
  custom:scripting/monoscript/fileName/RegisterInfoManager.cs: 9a3f0f4b63d5db4cf5849d76aa907812 -> 
  custom:scripting/monoscript/fileName/RegisterInfo.cs: 8affb3491b4bf4d164eaeaf65153757b -> 
  custom:audio-encoder-webm-vorbis: bf7c407c2cedff20999df2af8eb42d56 -> 
  custom:scripting/monoscript/fileName/CJSImporter.cs: 82b681d124ffdea6bf5ddb00963634b8 -> 
  custom:scripting/monoscript/fileName/CSharpCodeGen.cs: fdca55e92a33ac171ea5cead1edcbf65 -> 
  custom:scripting/monoscript/fileName/PathHelper.cs: 140ba4e1ea47eceb686c6e54095c307a -> 
  custom:scripting/precompiled-assembly-types:Assembly-CSharp: bd2a91421d61a8676bce337512c6f3e9 -> 
  custom:scripting/monoscript/fileName/TypedValue.cs: 783cff2646c3be7749e47c99acb529ad -> 
  custom:scripting/precompiled-assembly-types:com.tencent.puerts.v8: 1ca93d3db160bb00336d8405e0116734 -> 
========================================================================
Received Import Request.
  Time since last request: 168.933504 seconds.
  path: Assets/Package/v8
  artifactKey: Guid(7337be0a4d3493949bb064394fbe4540) Importer(815301076,1909f56bfc062723c751e8b465ee728b)
Start importing Assets/Package/v8 using Guid(7337be0a4d3493949bb064394fbe4540) Importer(815301076,1909f56bfc062723c751e8b465ee728b) [PhysX] Initialized MultithreadedTaskDispatcher with 12 workers.
 -> (artifact id: '4ba3197a2d4da27b66bc8bf640157f24') in 0.002187 seconds
Number of updated asset objects reloaded before import = 0
Number of asset objects unloaded after import = 0
